23:20:21 [31merror[39m: uncaughtException: option usefindandmodify is not supported
MongoParseError: option usefindandmodify is not supported
    at parseOptions (E:\mission-22\whata-hot-burger\backend\node_modules\mongodb\lib\connection_string.js:289:15)
    at new MongoClient (E:\mission-22\whata-hot-burger\backend\node_modules\mongodb\lib\mongo_client.js:62:63)
    at E:\mission-22\whata-hot-burger\backend\node_modules\mongoose\lib\connection.js:784:16
    at new Promise (<anonymous>)
    at NativeConnection.Connection.openUri (E:\mission-22\whata-hot-burger\backend\node_modules\mongoose\lib\connection.js:781:19)
    at E:\mission-22\whata-hot-burger\backend\node_modules\mongoose\lib\index.js:340:10
    at E:\mission-22\whata-hot-burger\backend\node_modules\mongoose\lib\helpers\promiseOrCallback.js:32:5
    at new Promise (<anonymous>)
    at promiseOrCallback (E:\mission-22\whata-hot-burger\backend\node_modules\mongoose\lib\helpers\promiseOrCallback.js:31:10)
    at Mongoose._promiseOrCallback (E:\mission-22\whata-hot-burger\backend\node_modules\mongoose\lib\index.js:1174:10)
12:13:31 [31merror[39m: uncaughtException: connect ECONNREFUSED 127.0.0.1:27017
MongooseServerSelectionError: connect ECONNREFUSED 127.0.0.1:27017
    at NativeConnection.Connection.openUri (E:\mission-22\whata-hot-burger\backend\node_modules\mongoose\lib\connection.js:807:32)
    at E:\mission-22\whata-hot-burger\backend\node_modules\mongoose\lib\index.js:340:10
    at E:\mission-22\whata-hot-burger\backend\node_modules\mongoose\lib\helpers\promiseOrCallback.js:32:5
    at new Promise (<anonymous>)
    at promiseOrCallback (E:\mission-22\whata-hot-burger\backend\node_modules\mongoose\lib\helpers\promiseOrCallback.js:31:10)
    at Mongoose._promiseOrCallback (E:\mission-22\whata-hot-burger\backend\node_modules\mongoose\lib\index.js:1174:10)
    at Mongoose.connect (E:\mission-22\whata-hot-burger\backend\node_modules\mongoose\lib\index.js:339:20)
    at module.exports (E:\mission-22\whata-hot-burger\backend\startup\db.js:6:6)
    at Object.<anonymous> (E:\mission-22\whata-hot-burger\backend\index.js:9:24)
    at Module._compile (node:internal/modules/cjs/loader:1109:14)
13:06:24 [31merror[39m: Joi.objectId is not a function
13:22:45 [31merror[39m: user is not defined
13:23:57 [31merror[39m: Employee is not defined
14:09:22 [31merror[39m: Unexpected token _ in JSON at position 4
14:22:50 [31merror[39m: uncaughtException: marketer is not defined
ReferenceError: marketer is not defined
    at Object.<anonymous> (E:\mission-22\whata-hot-burger\backend\routes\user\consumer.js:106:36)
    at Module._compile (node:internal/modules/cjs/loader:1109:14)
    at Object.Module._extensions..js (node:internal/modules/cjs/loader:1138:10)
    at Module.load (node:internal/modules/cjs/loader:989:32)
    at Function.Module._load (node:internal/modules/cjs/loader:829:14)
    at Module.require (node:internal/modules/cjs/loader:1013:19)
    at require (node:internal/modules/cjs/helpers:93:18)
    at Object.<anonymous> (E:\mission-22\whata-hot-burger\backend\startup\routes.js:5:18)
    at Module._compile (node:internal/modules/cjs/loader:1109:14)
    at Object.Module._extensions..js (node:internal/modules/cjs/loader:1138:10)
14:23:08 [31merror[39m: uncaughtException: marketer is not defined
ReferenceError: marketer is not defined
    at Object.<anonymous> (E:\mission-22\whata-hot-burger\backend\routes\user\consumer.js:106:32)
    at Module._compile (node:internal/modules/cjs/loader:1109:14)
    at Object.Module._extensions..js (node:internal/modules/cjs/loader:1138:10)
    at Module.load (node:internal/modules/cjs/loader:989:32)
    at Function.Module._load (node:internal/modules/cjs/loader:829:14)
    at Module.require (node:internal/modules/cjs/loader:1013:19)
    at require (node:internal/modules/cjs/helpers:93:18)
    at Object.<anonymous> (E:\mission-22\whata-hot-burger\backend\startup\routes.js:5:18)
    at Module._compile (node:internal/modules/cjs/loader:1109:14)
    at Object.Module._extensions..js (node:internal/modules/cjs/loader:1138:10)
14:23:24 [31merror[39m: uncaughtException: marketer is not defined
ReferenceError: marketer is not defined
    at Object.<anonymous> (E:\mission-22\whata-hot-burger\backend\routes\user\consumer.js:106:32)
    at Module._compile (node:internal/modules/cjs/loader:1109:14)
    at Object.Module._extensions..js (node:internal/modules/cjs/loader:1138:10)
    at Module.load (node:internal/modules/cjs/loader:989:32)
    at Function.Module._load (node:internal/modules/cjs/loader:829:14)
    at Module.require (node:internal/modules/cjs/loader:1013:19)
    at require (node:internal/modules/cjs/helpers:93:18)
    at Object.<anonymous> (E:\mission-22\whata-hot-burger\backend\startup\routes.js:5:18)
    at Module._compile (node:internal/modules/cjs/loader:1109:14)
    at Object.Module._extensions..js (node:internal/modules/cjs/loader:1138:10)
14:23:49 [31merror[39m: uncaughtException: marketer is not defined
ReferenceError: marketer is not defined
    at Object.<anonymous> (E:\mission-22\whata-hot-burger\backend\routes\user\consumer.js:106:32)
    at Module._compile (node:internal/modules/cjs/loader:1109:14)
    at Object.Module._extensions..js (node:internal/modules/cjs/loader:1138:10)
    at Module.load (node:internal/modules/cjs/loader:989:32)
    at Function.Module._load (node:internal/modules/cjs/loader:829:14)
    at Module.require (node:internal/modules/cjs/loader:1013:19)
    at require (node:internal/modules/cjs/helpers:93:18)
    at Object.<anonymous> (E:\mission-22\whata-hot-burger\backend\startup\routes.js:5:18)
    at Module._compile (node:internal/modules/cjs/loader:1109:14)
    at Object.Module._extensions..js (node:internal/modules/cjs/loader:1138:10)
14:32:41 [31merror[39m: Cast to ObjectId failed for value "624be1a4032001c39ccd0ba" (type string) at path "_id" for model "Consumer"
15:13:09 [31merror[39m: Consumer validation failed: email: Path `email` is required., dateOfBirth: Path `dateOfBirth` is required., gender: Path `gender` is required.
15:25:44 [31merror[39m: Cast to ObjectId failed for value "624be1a4032001c39ccd0ba" (type string) at path "_id" for model "Consumer"
11:50:02 [31merror[39m: uncaughtException: connect ECONNREFUSED 127.0.0.1:27017
MongooseServerSelectionError: connect ECONNREFUSED 127.0.0.1:27017
    at NativeConnection.Connection.openUri (E:\mission-22\whata-hot-burger\backend\node_modules\mongoose\lib\connection.js:807:32)
    at E:\mission-22\whata-hot-burger\backend\node_modules\mongoose\lib\index.js:340:10
    at E:\mission-22\whata-hot-burger\backend\node_modules\mongoose\lib\helpers\promiseOrCallback.js:32:5
    at new Promise (<anonymous>)
    at promiseOrCallback (E:\mission-22\whata-hot-burger\backend\node_modules\mongoose\lib\helpers\promiseOrCallback.js:31:10)
    at Mongoose._promiseOrCallback (E:\mission-22\whata-hot-burger\backend\node_modules\mongoose\lib\index.js:1174:10)
    at Mongoose.connect (E:\mission-22\whata-hot-burger\backend\node_modules\mongoose\lib\index.js:339:20)
    at module.exports (E:\mission-22\whata-hot-burger\backend\startup\db.js:6:6)
    at Object.<anonymous> (E:\mission-22\whata-hot-burger\backend\index.js:9:24)
    at Module._compile (node:internal/modules/cjs/loader:1109:14)
11:58:12 [31merror[39m: uncaughtException: connect ECONNREFUSED 127.0.0.1:27017
MongooseServerSelectionError: connect ECONNREFUSED 127.0.0.1:27017
    at NativeConnection.Connection.openUri (E:\mission-22\whata-hot-burger\backend\node_modules\mongoose\lib\connection.js:807:32)
    at E:\mission-22\whata-hot-burger\backend\node_modules\mongoose\lib\index.js:340:10
    at E:\mission-22\whata-hot-burger\backend\node_modules\mongoose\lib\helpers\promiseOrCallback.js:32:5
    at new Promise (<anonymous>)
    at promiseOrCallback (E:\mission-22\whata-hot-burger\backend\node_modules\mongoose\lib\helpers\promiseOrCallback.js:31:10)
    at Mongoose._promiseOrCallback (E:\mission-22\whata-hot-burger\backend\node_modules\mongoose\lib\index.js:1174:10)
    at Mongoose.connect (E:\mission-22\whata-hot-burger\backend\node_modules\mongoose\lib\index.js:339:20)
    at module.exports (E:\mission-22\whata-hot-burger\backend\startup\db.js:6:6)
    at Object.<anonymous> (E:\mission-22\whata-hot-burger\backend\index.js:9:24)
    at Module._compile (node:internal/modules/cjs/loader:1109:14)
22:24:41 [31merror[39m: Cast to ObjectId failed for value "query" (type string) at path "_id" for model "AdminAndManager"
16:17:21 [31merror[39m: uncaughtException: connect ECONNREFUSED 127.0.0.1:27017
MongooseServerSelectionError: connect ECONNREFUSED 127.0.0.1:27017
    at NativeConnection.Connection.openUri (E:\mission-22\whata-hot-burger\backend\node_modules\mongoose\lib\connection.js:807:32)
    at E:\mission-22\whata-hot-burger\backend\node_modules\mongoose\lib\index.js:340:10
    at E:\mission-22\whata-hot-burger\backend\node_modules\mongoose\lib\helpers\promiseOrCallback.js:32:5
    at new Promise (<anonymous>)
    at promiseOrCallback (E:\mission-22\whata-hot-burger\backend\node_modules\mongoose\lib\helpers\promiseOrCallback.js:31:10)
    at Mongoose._promiseOrCallback (E:\mission-22\whata-hot-burger\backend\node_modules\mongoose\lib\index.js:1174:10)
    at Mongoose.connect (E:\mission-22\whata-hot-burger\backend\node_modules\mongoose\lib\index.js:339:20)
    at module.exports (E:\mission-22\whata-hot-burger\backend\startup\db.js:6:6)
    at Object.<anonymous> (E:\mission-22\whata-hot-burger\backend\index.js:9:24)
    at Module._compile (node:internal/modules/cjs/loader:1109:14)
20:37:30 [31merror[39m: connect ECONNREFUSED 127.0.0.1:27017
22:00:50 [31merror[39m: Cast to ObjectId failed for value ":undefined" (type string) at path "_id" for model "AdminAndManager"
22:01:07 [31merror[39m: Cast to ObjectId failed for value ":undefined" (type string) at path "_id" for model "AdminAndManager"
22:02:00 [31merror[39m: Cast to ObjectId failed for value ":undefined" (type string) at path "_id" for model "AdminAndManager"
22:02:23 [31merror[39m: Cast to ObjectId failed for value ":undefined" (type string) at path "_id" for model "AdminAndManager"
22:02:49 [31merror[39m: Cast to ObjectId failed for value ":624c614cd3e46c7de91e307f" (type string) at path "_id" for model "AdminAndManager"
22:03:03 [31merror[39m: Cast to ObjectId failed for value ":624c614cd3e46c7de91e307f" (type string) at path "_id" for model "AdminAndManager"
22:09:41 [31merror[39m: Cast to ObjectId failed for value ":624c614cd3e46c7de91e307f" (type string) at path "_id" for model "AdminAndManager"
22:10:07 [31merror[39m: Cast to ObjectId failed for value ":624c614cd3e46c7de91e307f" (type string) at path "_id" for model "AdminAndManager"
22:11:41 [31merror[39m: Cast to ObjectId failed for value "624c614cd3e46c7de91e307" (type string) at path "_id" for model "AdminAndManager"
22:12:02 [31merror[39m: Cast to ObjectId failed for value "624c614cd3e46c7de91e307g" (type string) at path "_id" for model "AdminAndManager"
22:13:01 [31merror[39m: Cast to ObjectId failed for value ":624c614cd3e46c7de91e307f" (type string) at path "_id" for model "AdminAndManager"
21:55:25 [31merror[39m: connect ECONNREFUSED 127.0.0.1:27017
23:09:40 [31merror[39m: Joi.any(...).max is not a function
15:44:14 [31merror[39m: Cannot read property 'message' of undefined
19:28:55 [31merror[39m: connect ECONNREFUSED 127.0.0.1:27017
12:52:53 [31merror[39m: uncaughtException: beverage is not defined
ReferenceError: beverage is not defined
    at Object.<anonymous> (E:\mission-22\whata-hot-burger\backend\routes\food\index.js:30:1)
    at Module._compile (node:internal/modules/cjs/loader:1109:14)
    at Object.Module._extensions..js (node:internal/modules/cjs/loader:1138:10)
    at Module.load (node:internal/modules/cjs/loader:989:32)
    at Function.Module._load (node:internal/modules/cjs/loader:829:14)
    at Module.require (node:internal/modules/cjs/loader:1013:19)
    at require (node:internal/modules/cjs/helpers:93:18)
    at Object.<anonymous> (E:\mission-22\whata-hot-burger\backend\startup\routes.js:7:17)
    at Module._compile (node:internal/modules/cjs/loader:1109:14)
    at Object.Module._extensions..js (node:internal/modules/cjs/loader:1138:10)
13:40:42 [31merror[39m: uncaughtException: Unexpected token '['
E:\mission-22\whata-hot-burger\backend\routes\food\combo.js:53
    category[0]: "desc",
            ^

SyntaxError: Unexpected token '['
    at Object.compileFunction (node:vm:353:18)
    at wrapSafe (node:internal/modules/cjs/loader:1039:15)
    at Module._compile (node:internal/modules/cjs/loader:1073:27)
    at Object.Module._extensions..js (node:internal/modules/cjs/loader:1138:10)
    at Module.load (node:internal/modules/cjs/loader:989:32)
    at Function.Module._load (node:internal/modules/cjs/loader:829:14)
    at Module.require (node:internal/modules/cjs/loader:1013:19)
    at require (node:internal/modules/cjs/helpers:93:18)
    at Object.<anonymous> (E:\mission-22\whata-hot-burger\backend\startup\routes.js:8:15)
    at Module._compile (node:internal/modules/cjs/loader:1109:14)
20:51:04 [31merror[39m: validateId is not defined
20:53:13 [31merror[39m: Cannot read property 'length' of null
21:36:47 [31merror[39m: foodId is not defined
00:48:21 [31merror[39m: _.groupBy is not a function or its return value is not iterable
00:55:48 [31merror[39m: _.groupBy is not a function or its return value is not iterable
01:33:35 [31merror[39m: validateSingleCart is not defined
11:15:06 [31merror[39m: Cart validation failed: comboId: Cast to ObjectId failed for value "notACombo" (type string) at path "comboId"
12:13:03 [31merror[39m: Cart.set is not a function
13:10:57 [31merror[39m: Cast to ObjectId failed for value "624c0d0ec3be358ffc87c23" (type string) at path "userId" for model "Invoice"
13:23:28 [31merror[39m: validateId is not defined
16:14:40 [31merror[39m: uncaughtException: Unexpected token ','
E:\mission-22\whata-hot-burger\backend\routes\additional\blog.js:56
    ),,
      ^

SyntaxError: Unexpected token ','
    at Object.compileFunction (node:vm:353:18)
    at wrapSafe (node:internal/modules/cjs/loader:1039:15)
    at Module._compile (node:internal/modules/cjs/loader:1073:27)
    at Object.Module._extensions..js (node:internal/modules/cjs/loader:1138:10)
    at Module.load (node:internal/modules/cjs/loader:989:32)
    at Function.Module._load (node:internal/modules/cjs/loader:829:14)
    at Module.require (node:internal/modules/cjs/loader:1013:19)
    at require (node:internal/modules/cjs/helpers:93:18)
    at Object.<anonymous> (E:\mission-22\whata-hot-burger\backend\startup\routes.js:11:14)
    at Module._compile (node:internal/modules/cjs/loader:1109:14)
16:31:38 [31merror[39m: Unexpected token } in JSON at position 96
16:42:58 [31merror[39m: Cannot read property 'push' of undefined
16:44:32 [31merror[39m: Cannot read property 'push' of undefined
16:45:21 [31merror[39m: The field 'react' must be an array but is of type int in document {_id: ObjectId('62c55dc5854fd279fe7e2695')}
16:47:06 [31merror[39m: Blog validation failed: react: Parameter "obj" to Document() must be an object, got 0
16:48:09 [31merror[39m: Blog validation failed: react: Parameter "obj" to Document() must be an object, got 0
16:49:21 [31merror[39m: Blog validation failed: react: Parameter "obj" to Document() must be an object, got 0
16:51:17 [31merror[39m: Cannot read property 'push' of undefined
16:52:13 [31merror[39m: The field 'react' must be an array but is of type int in document {_id: ObjectId('62c55dc5854fd279fe7e2695')}
16:53:10 [31merror[39m: The field 'react' must be an array but is of type int in document {_id: ObjectId('62c55dc5854fd279fe7e2695')}
16:54:27 [31merror[39m: Blog validation failed: react: Parameter "obj" to Document() must be an object, got 0
16:55:09 [31merror[39m: Blog validation failed: react: Parameter "obj" to Document() must be an object, got 0
16:58:15 [31merror[39m: Blog validation failed: react: Parameter "obj" to Document() must be an object, got 0
17:00:00 [31merror[39m: Blog validation failed: react: Parameter "obj" to Document() must be an object, got 0
17:02:06 [31merror[39m: Cannot read property 'push' of undefined
17:03:09 [31merror[39m: uncaughtException: Unexpected token ','
E:\mission-22\whata-hot-burger\backend\models\additional\blog.js:49
    react: {[mongoose.Types.ObjectId], default: []},
                                     ^

SyntaxError: Unexpected token ','
    at Object.compileFunction (node:vm:353:18)
    at wrapSafe (node:internal/modules/cjs/loader:1039:15)
    at Module._compile (node:internal/modules/cjs/loader:1073:27)
    at Object.Module._extensions..js (node:internal/modules/cjs/loader:1138:10)
    at Module.load (node:internal/modules/cjs/loader:989:32)
    at Function.Module._load (node:internal/modules/cjs/loader:829:14)
    at Module.require (node:internal/modules/cjs/loader:1013:19)
    at require (node:internal/modules/cjs/helpers:93:18)
    at Object.<anonymous> (E:\mission-22\whata-hot-burger\backend\routes\additional\blog.js:10:5)
    at Module._compile (node:internal/modules/cjs/loader:1109:14)
17:04:01 [31merror[39m: blog.react is not iterable
17:06:46 [31merror[39m: Blog validation failed: react.0: Cast to [ObjectId] failed for value "[ 0 ]" (type string) at path "react.0"
17:07:13 [31merror[39m: Unexpected token } in JSON at position 685
17:07:19 [31merror[39m: Blog validation failed: react.0: Cast to [ObjectId] failed for value "[ 0 ]" (type string) at path "react.0"
17:07:34 [31merror[39m: Blog validation failed: react.0: Cast to [ObjectId] failed for value "[ 0 ]" (type string) at path "react.0"
17:08:54 [31merror[39m: Blog validation failed: react.0: Cast to [ObjectId] failed for value "[ 0 ]" (type string) at path "react.0"
17:09:54 [31merror[39m: Blog validation failed: react.0: Cast to [ObjectId] failed for value "[ 0 ]" (type string) at path "react.0"
17:25:25 [31merror[39m: The field 'react' must be an array but is of type int in document {_id: ObjectId('62c55f8b367f1f14c92d126f')}
17:26:08 [31merror[39m: The field 'react' must be an array but is of type int in document {_id: ObjectId('62c55f8b367f1f14c92d126f')}
16:40:38 [31merror[39m: Cast to ObjectId failed for value "slkfjalkdsj" (type string) at path "_id" for model "AdminAndManager"
16:41:06 [31merror[39m: Cast to ObjectId failed for value "slkfjalkdsj" (type string) at path "_id" for model "AdminAndManager"
16:42:07 [31merror[39m: Cast to ObjectId failed for value "slkfjalkdsj" (type string) at path "_id" for model "AdminAndManager"
16:55:55 [31merror[39m: Cast to ObjectId failed for value "_id" (type string) at path "_id" for model "AdminAndManager"
17:03:07 [31merror[39m: $regex has to be a string
12:44:17 [31merror[39m: connect ECONNREFUSED 127.0.0.1:27017
15:08:43 [31merror[39m: connect ECONNREFUSED 127.0.0.1:27017
15:10:08 [31merror[39m: uncaughtException: EIO: i/o error, write
Error: EIO: i/o error, write
    at writeSync (node:fs:884:3)
    at SyncWriteStream._write (node:internal/fs/sync_write_stream:25:3)
    at writeOrBuffer (node:internal/streams/writable:389:12)
    at _write (node:internal/streams/writable:330:10)
    at SyncWriteStream.Writable.write (node:internal/streams/writable:334:10)
    at Console.log (/mnt/coding/whata-hot-burger/backend/node_modules/winston/lib/winston/transports/console.js:79:23)
    at Console._write (/mnt/coding/whata-hot-burger/backend/node_modules/winston-transport/index.js:82:19)
    at doWrite (/mnt/coding/whata-hot-burger/backend/node_modules/readable-stream/lib/_stream_writable.js:409:139)
    at writeOrBuffer (/mnt/coding/whata-hot-burger/backend/node_modules/readable-stream/lib/_stream_writable.js:398:5)
    at Console.Writable.write (/mnt/coding/whata-hot-burger/backend/node_modules/readable-stream/lib/_stream_writable.js:307:11)
10:25:34 [31merror[39m: connect ECONNREFUSED 127.0.0.1:27017
10:37:29 [31merror[39m: connect ECONNREFUSED 172.29.0.2:2701
06:15:35 [31merror[39m: Authentication failed.
06:39:15 [31merror[39m: The `uri` parameter to `openUri()` must be a string, got "undefined". Make sure the first parameter to `mongoose.connect()` or `mongoose.createConnection()` is a string.
06:40:49 [31merror[39m: uncaughtException: Cannot find module 'express-session'
Require stack:
- /backend/index.js
Error: Cannot find module 'express-session'
Require stack:
- /backend/index.js
    at Function.Module._resolveFilename (node:internal/modules/cjs/loader:933:15)
    at Function.Module._load (node:internal/modules/cjs/loader:778:27)
    at Module.require (node:internal/modules/cjs/loader:1005:19)
    at require (node:internal/modules/cjs/helpers:102:18)
    at Object.<anonymous> (/backend/index.js:8:17)
    at Module._compile (node:internal/modules/cjs/loader:1105:14)
    at Object.Module._extensions..js (node:internal/modules/cjs/loader:1159:10)
    at Module.load (node:internal/modules/cjs/loader:981:32)
    at Function.Module._load (node:internal/modules/cjs/loader:822:12)
    at Function.executeUserEntryPoint [as runMain] (node:internal/modules/run_main:77:12)
06:43:16 [31merror[39m: uncaughtException: Cannot find module 'express-session'
Require stack:
- /backend/index.js
Error: Cannot find module 'express-session'
Require stack:
- /backend/index.js
    at Function.Module._resolveFilename (node:internal/modules/cjs/loader:933:15)
    at Function.Module._load (node:internal/modules/cjs/loader:778:27)
    at Module.require (node:internal/modules/cjs/loader:1005:19)
    at require (node:internal/modules/cjs/helpers:102:18)
    at Object.<anonymous> (/backend/index.js:8:17)
    at Module._compile (node:internal/modules/cjs/loader:1105:14)
    at Object.Module._extensions..js (node:internal/modules/cjs/loader:1159:10)
    at Module.load (node:internal/modules/cjs/loader:981:32)
    at Function.Module._load (node:internal/modules/cjs/loader:822:12)
    at Function.executeUserEntryPoint [as runMain] (node:internal/modules/run_main:77:12)
06:48:40 [31merror[39m: uncaughtException: Cannot find module 'express-session'
Require stack:
- /backend/index.js
Error: Cannot find module 'express-session'
Require stack:
- /backend/index.js
    at Function.Module._resolveFilename (node:internal/modules/cjs/loader:933:15)
    at Function.Module._load (node:internal/modules/cjs/loader:778:27)
    at Module.require (node:internal/modules/cjs/loader:1005:19)
    at require (node:internal/modules/cjs/helpers:102:18)
    at Object.<anonymous> (/backend/index.js:8:17)
    at Module._compile (node:internal/modules/cjs/loader:1105:14)
    at Object.Module._extensions..js (node:internal/modules/cjs/loader:1159:10)
    at Module.load (node:internal/modules/cjs/loader:981:32)
    at Function.Module._load (node:internal/modules/cjs/loader:822:12)
    at Function.executeUserEntryPoint [as runMain] (node:internal/modules/run_main:77:12)
