{"/backend/indexTest.js": {"path":"/backend/indexTest.js","statementMap":{"0":{"start":{"line":1,"column":0},"end":{"line":1,"column":32}},"1":{"start":{"line":2,"column":16},"end":{"line":2,"column":34}},"2":{"start":{"line":3,"column":15},"end":{"line":3,"column":32}},"3":{"start":{"line":4,"column":17},"end":{"line":4,"column":36}},"4":{"start":{"line":5,"column":15},"end":{"line":5,"column":34}},"5":{"start":{"line":7,"column":12},"end":{"line":7,"column":21}},"6":{"start":{"line":8,"column":0},"end":{"line":8,"column":26}},"7":{"start":{"line":10,"column":0},"end":{"line":10,"column":30}},"8":{"start":{"line":11,"column":0},"end":{"line":11,"column":30}},"9":{"start":{"line":12,"column":0},"end":{"line":12,"column":34}},"10":{"start":{"line":13,"column":0},"end":{"line":13,"column":33}},"11":{"start":{"line":15,"column":13},"end":{"line":15,"column":37}},"12":{"start":{"line":16,"column":16},"end":{"line":20,"column":20}},"13":{"start":{"line":22,"column":0},"end":{"line":25,"column":37}},"14":{"start":{"line":24,"column":14},"end":{"line":24,"column":53}},"15":{"start":{"line":25,"column":18},"end":{"line":25,"column":35}},"16":{"start":{"line":27,"column":0},"end":{"line":27,"column":21}}},"fnMap":{"0":{"name":"(anonymous_0)","decl":{"start":{"line":24,"column":8},"end":{"line":24,"column":9}},"loc":{"start":{"line":24,"column":14},"end":{"line":24,"column":53}},"line":24},"1":{"name":"(anonymous_1)","decl":{"start":{"line":25,"column":9},"end":{"line":25,"column":10}},"loc":{"start":{"line":25,"column":18},"end":{"line":25,"column":35}},"line":25}},"branchMap":{"0":{"loc":{"start":{"line":15,"column":13},"end":{"line":15,"column":37}},"type":"binary-expr","locations":[{"start":{"line":15,"column":13},"end":{"line":15,"column":29}},{"start":{"line":15,"column":33},"end":{"line":15,"column":37}}],"line":15}},"s":{"0":2,"1":2,"2":2,"3":2,"4":2,"5":2,"6":2,"7":2,"8":2,"9":2,"10":2,"11":2,"12":2,"13":2,"14":2,"15":0,"16":2},"f":{"0":2,"1":0},"b":{"0":[2,0]},"_coverageSchema":"1a1c01bbd47fc00a2c39e90264f33305004495a9","hash":"16dd2cffb8ef2099f1d8f5d9fc400d48237d3cc0"}
,"/backend/__test__/testUtils.js": {"path":"/backend/__test__/testUtils.js","statementMap":{"0":{"start":{"line":2,"column":2},"end":{"line":2,"column":177}},"1":{"start":{"line":5,"column":2},"end":{"line":5,"column":208}},"2":{"start":{"line":8,"column":2},"end":{"line":8,"column":205}},"3":{"start":{"line":10,"column":0},"end":{"line":14,"column":2}}},"fnMap":{},"branchMap":{},"s":{"0":1,"1":1,"2":1,"3":1},"f":{},"b":{},"_coverageSchema":"1a1c01bbd47fc00a2c39e90264f33305004495a9","hash":"6c59acaad0adacb3003a39ca08f6ef9fa334025e"}
,"/backend/helper/generateHash.js": {"path":"/backend/helper/generateHash.js","statementMap":{"0":{"start":{"line":1,"column":15},"end":{"line":1,"column":32}},"1":{"start":{"line":3,"column":21},"end":{"line":6,"column":1}},"2":{"start":{"line":4,"column":15},"end":{"line":4,"column":39}},"3":{"start":{"line":5,"column":2},"end":{"line":5,"column":43}},"4":{"start":{"line":8,"column":0},"end":{"line":8,"column":30}}},"fnMap":{"0":{"name":"(anonymous_0)","decl":{"start":{"line":3,"column":21},"end":{"line":3,"column":22}},"loc":{"start":{"line":3,"column":41},"end":{"line":6,"column":1}},"line":3}},"branchMap":{},"s":{"0":3,"1":3,"2":3,"3":3,"4":3},"f":{"0":3},"b":{},"_coverageSchema":"1a1c01bbd47fc00a2c39e90264f33305004495a9","hash":"3058735583eff9622de1cc1c73eb55266e367037"}
,"/backend/helper/generateJwt.js": {"path":"/backend/helper/generateJwt.js","statementMap":{"0":{"start":{"line":1,"column":12},"end":{"line":1,"column":35}},"1":{"start":{"line":2,"column":15},"end":{"line":2,"column":32}},"2":{"start":{"line":4,"column":20},"end":{"line":4,"column":73}},"3":{"start":{"line":4,"column":30},"end":{"line":4,"column":73}},"4":{"start":{"line":6,"column":0},"end":{"line":6,"column":29}}},"fnMap":{"0":{"name":"(anonymous_0)","decl":{"start":{"line":4,"column":20},"end":{"line":4,"column":21}},"loc":{"start":{"line":4,"column":30},"end":{"line":4,"column":73}},"line":4}},"branchMap":{},"s":{"0":3,"1":3,"2":3,"3":2,"4":3},"f":{"0":2},"b":{},"_coverageSchema":"1a1c01bbd47fc00a2c39e90264f33305004495a9","hash":"4199e549f968ba81e658e4c51b84b08410a68559"}
,"/backend/helper/validate.js": {"path":"/backend/helper/validate.js","statementMap":{"0":{"start":{"line":1,"column":12},"end":{"line":1,"column":26}},"1":{"start":{"line":3,"column":19},"end":{"line":8,"column":1}},"2":{"start":{"line":4,"column":17},"end":{"line":6,"column":4}},"3":{"start":{"line":7,"column":2},"end":{"line":7,"column":29}},"4":{"start":{"line":10,"column":0},"end":{"line":12,"column":2}}},"fnMap":{"0":{"name":"(anonymous_0)","decl":{"start":{"line":3,"column":19},"end":{"line":3,"column":20}},"loc":{"start":{"line":3,"column":27},"end":{"line":8,"column":1}},"line":3}},"branchMap":{},"s":{"0":2,"1":2,"2":1,"3":1,"4":2},"f":{"0":1},"b":{},"_coverageSchema":"1a1c01bbd47fc00a2c39e90264f33305004495a9","hash":"d4ef27a47321e8ece3f8472118aa0a3afa39c8f1"}
,"/backend/logger/development.js": {"path":"/backend/logger/development.js","statementMap":{"0":{"start":{"line":1,"column":45},"end":{"line":1,"column":63}},"1":{"start":{"line":2,"column":46},"end":{"line":2,"column":52}},"2":{"start":{"line":4,"column":26},"end":{"line":30,"column":1}},"3":{"start":{"line":5,"column":19},"end":{"line":7,"column":4}},"4":{"start":{"line":6,"column":4},"end":{"line":6,"column":47}},"5":{"start":{"line":9,"column":2},"end":{"line":29,"column":5}},"6":{"start":{"line":32,"column":0},"end":{"line":32,"column":35}}},"fnMap":{"0":{"name":"(anonymous_0)","decl":{"start":{"line":4,"column":26},"end":{"line":4,"column":27}},"loc":{"start":{"line":4,"column":32},"end":{"line":30,"column":1}},"line":4},"1":{"name":"(anonymous_1)","decl":{"start":{"line":5,"column":26},"end":{"line":5,"column":27}},"loc":{"start":{"line":5,"column":61},"end":{"line":7,"column":3}},"line":5}},"branchMap":{},"s":{"0":2,"1":2,"2":2,"3":2,"4":2,"5":2,"6":2},"f":{"0":2,"1":2},"b":{},"_coverageSchema":"1a1c01bbd47fc00a2c39e90264f33305004495a9","hash":"246be133d2b8f68782d8021c7373cfc3b0505a9b"}
,"/backend/logger/index.js": {"path":"/backend/logger/index.js","statementMap":{"0":{"start":{"line":1,"column":26},"end":{"line":1,"column":50}},"1":{"start":{"line":2,"column":25},"end":{"line":2,"column":48}},"2":{"start":{"line":4,"column":13},"end":{"line":4,"column":17}},"3":{"start":{"line":6,"column":0},"end":{"line":8,"column":1}},"4":{"start":{"line":7,"column":2},"end":{"line":7,"column":31}},"5":{"start":{"line":10,"column":0},"end":{"line":12,"column":1}},"6":{"start":{"line":11,"column":2},"end":{"line":11,"column":30}},"7":{"start":{"line":14,"column":0},"end":{"line":14,"column":24}}},"fnMap":{},"branchMap":{"0":{"loc":{"start":{"line":6,"column":0},"end":{"line":8,"column":1}},"type":"if","locations":[{"start":{"line":6,"column":0},"end":{"line":8,"column":1}},{"start":{},"end":{}}],"line":6},"1":{"loc":{"start":{"line":6,"column":4},"end":{"line":6,"column":57}},"type":"binary-expr","locations":[{"start":{"line":6,"column":4},"end":{"line":6,"column":42}},{"start":{"line":6,"column":46},"end":{"line":6,"column":57}}],"line":6},"2":{"loc":{"start":{"line":10,"column":0},"end":{"line":12,"column":1}},"type":"if","locations":[{"start":{"line":10,"column":0},"end":{"line":12,"column":1}},{"start":{},"end":{}}],"line":10}},"s":{"0":2,"1":2,"2":2,"3":2,"4":2,"5":2,"6":0,"7":2},"f":{},"b":{"0":[2,0],"1":[2,0],"2":[0,2]},"_coverageSchema":"1a1c01bbd47fc00a2c39e90264f33305004495a9","hash":"03820c9fca4640a15eda8bb78816617cba8c861f"}
,"/backend/logger/production.js": {"path":"/backend/logger/production.js","statementMap":{"0":{"start":{"line":1,"column":45},"end":{"line":1,"column":63}},"1":{"start":{"line":2,"column":37},"end":{"line":2,"column":43}},"2":{"start":{"line":4,"column":25},"end":{"line":20,"column":1}},"3":{"start":{"line":5,"column":2},"end":{"line":19,"column":5}},"4":{"start":{"line":22,"column":0},"end":{"line":22,"column":34}}},"fnMap":{"0":{"name":"(anonymous_0)","decl":{"start":{"line":4,"column":25},"end":{"line":4,"column":26}},"loc":{"start":{"line":4,"column":31},"end":{"line":20,"column":1}},"line":4}},"branchMap":{},"s":{"0":2,"1":2,"2":2,"3":0,"4":2},"f":{"0":0},"b":{},"_coverageSchema":"1a1c01bbd47fc00a2c39e90264f33305004495a9","hash":"66efb0377c1719eeadc166e82b2258d0bd56e538"}
,"/backend/middlewares/error.js": {"path":"/backend/middlewares/error.js","statementMap":{"0":{"start":{"line":1,"column":15},"end":{"line":1,"column":35}},"1":{"start":{"line":3,"column":14},"end":{"line":9,"column":1}},"2":{"start":{"line":4,"column":2},"end":{"line":4,"column":20}},"3":{"start":{"line":6,"column":2},"end":{"line":8,"column":69}},"4":{"start":{"line":11,"column":0},"end":{"line":11,"column":23}}},"fnMap":{"0":{"name":"(anonymous_0)","decl":{"start":{"line":3,"column":14},"end":{"line":3,"column":15}},"loc":{"start":{"line":3,"column":39},"end":{"line":9,"column":1}},"line":3}},"branchMap":{},"s":{"0":2,"1":2,"2":0,"3":0,"4":2},"f":{"0":0},"b":{},"_coverageSchema":"1a1c01bbd47fc00a2c39e90264f33305004495a9","hash":"7c609f0432c724b7db8f2c38906b1bd449906730"}
,"/backend/middlewares/auth/admin.js": {"path":"/backend/middlewares/auth/admin.js","statementMap":{"0":{"start":{"line":1,"column":14},"end":{"line":7,"column":1}},"1":{"start":{"line":2,"column":15},"end":{"line":2,"column":28}},"2":{"start":{"line":3,"column":2},"end":{"line":4,"column":69}},"3":{"start":{"line":4,"column":4},"end":{"line":4,"column":69}},"4":{"start":{"line":6,"column":2},"end":{"line":6,"column":9}},"5":{"start":{"line":8,"column":0},"end":{"line":8,"column":23}}},"fnMap":{"0":{"name":"(anonymous_0)","decl":{"start":{"line":1,"column":14},"end":{"line":1,"column":15}},"loc":{"start":{"line":1,"column":34},"end":{"line":7,"column":1}},"line":1}},"branchMap":{"0":{"loc":{"start":{"line":3,"column":2},"end":{"line":4,"column":69}},"type":"if","locations":[{"start":{"line":3,"column":2},"end":{"line":4,"column":69}},{"start":{},"end":{}}],"line":3}},"s":{"0":2,"1":3,"2":3,"3":1,"4":2,"5":2},"f":{"0":3},"b":{"0":[1,2]},"_coverageSchema":"1a1c01bbd47fc00a2c39e90264f33305004495a9","hash":"88ecf3be625a4bcfd94761763385e166b6baccbb"}
,"/backend/middlewares/auth/consumer.js": {"path":"/backend/middlewares/auth/consumer.js","statementMap":{"0":{"start":{"line":1,"column":17},"end":{"line":8,"column":1}},"1":{"start":{"line":2,"column":15},"end":{"line":2,"column":28}},"2":{"start":{"line":4,"column":2},"end":{"line":5,"column":72}},"3":{"start":{"line":5,"column":4},"end":{"line":5,"column":72}},"4":{"start":{"line":7,"column":2},"end":{"line":7,"column":9}},"5":{"start":{"line":9,"column":0},"end":{"line":9,"column":26}}},"fnMap":{"0":{"name":"(anonymous_0)","decl":{"start":{"line":1,"column":17},"end":{"line":1,"column":18}},"loc":{"start":{"line":1,"column":37},"end":{"line":8,"column":1}},"line":1}},"branchMap":{"0":{"loc":{"start":{"line":4,"column":2},"end":{"line":5,"column":72}},"type":"if","locations":[{"start":{"line":4,"column":2},"end":{"line":5,"column":72}},{"start":{},"end":{}}],"line":4},"1":{"loc":{"start":{"line":4,"column":6},"end":{"line":4,"column":45}},"type":"binary-expr","locations":[{"start":{"line":4,"column":6},"end":{"line":4,"column":25}},{"start":{"line":4,"column":29},"end":{"line":4,"column":45}}],"line":4}},"s":{"0":2,"1":0,"2":0,"3":0,"4":0,"5":2},"f":{"0":0},"b":{"0":[0,0],"1":[0,0]},"_coverageSchema":"1a1c01bbd47fc00a2c39e90264f33305004495a9","hash":"1ca08ea0e4e3deb62bbacb0c4c5ce5cba418784f"}
,"/backend/middlewares/auth/index.js": {"path":"/backend/middlewares/auth/index.js","statementMap":{"0":{"start":{"line":1,"column":12},"end":{"line":1,"column":35}},"1":{"start":{"line":2,"column":15},"end":{"line":2,"column":32}},"2":{"start":{"line":4,"column":13},"end":{"line":18,"column":1}},"3":{"start":{"line":5,"column":16},"end":{"line":5,"column":42}},"4":{"start":{"line":6,"column":2},"end":{"line":9,"column":61}},"5":{"start":{"line":7,"column":4},"end":{"line":9,"column":61}},"6":{"start":{"line":11,"column":2},"end":{"line":17,"column":3}},"7":{"start":{"line":12,"column":20},"end":{"line":12,"column":66}},"8":{"start":{"line":13,"column":4},"end":{"line":13,"column":23}},"9":{"start":{"line":14,"column":4},"end":{"line":14,"column":11}},"10":{"start":{"line":16,"column":4},"end":{"line":16,"column":56}},"11":{"start":{"line":19,"column":0},"end":{"line":19,"column":22}}},"fnMap":{"0":{"name":"(anonymous_0)","decl":{"start":{"line":4,"column":13},"end":{"line":4,"column":14}},"loc":{"start":{"line":4,"column":33},"end":{"line":18,"column":1}},"line":4}},"branchMap":{"0":{"loc":{"start":{"line":6,"column":2},"end":{"line":9,"column":61}},"type":"if","locations":[{"start":{"line":6,"column":2},"end":{"line":9,"column":61}},{"start":{},"end":{}}],"line":6}},"s":{"0":2,"1":2,"2":2,"3":5,"4":5,"5":0,"6":5,"7":5,"8":5,"9":5,"10":0,"11":2},"f":{"0":5},"b":{"0":[0,5]},"_coverageSchema":"1a1c01bbd47fc00a2c39e90264f33305004495a9","hash":"fdad6e64c3833a3955fc9898be072dbbf79fa035"}
,"/backend/middlewares/auth/manager.js": {"path":"/backend/middlewares/auth/manager.js","statementMap":{"0":{"start":{"line":1,"column":16},"end":{"line":8,"column":1}},"1":{"start":{"line":2,"column":15},"end":{"line":2,"column":28}},"2":{"start":{"line":4,"column":2},"end":{"line":5,"column":71}},"3":{"start":{"line":5,"column":4},"end":{"line":5,"column":71}},"4":{"start":{"line":7,"column":2},"end":{"line":7,"column":9}},"5":{"start":{"line":9,"column":0},"end":{"line":9,"column":25}}},"fnMap":{"0":{"name":"(anonymous_0)","decl":{"start":{"line":1,"column":16},"end":{"line":1,"column":17}},"loc":{"start":{"line":1,"column":36},"end":{"line":8,"column":1}},"line":1}},"branchMap":{"0":{"loc":{"start":{"line":4,"column":2},"end":{"line":5,"column":71}},"type":"if","locations":[{"start":{"line":4,"column":2},"end":{"line":5,"column":71}},{"start":{},"end":{}}],"line":4},"1":{"loc":{"start":{"line":4,"column":6},"end":{"line":4,"column":44}},"type":"binary-expr","locations":[{"start":{"line":4,"column":6},"end":{"line":4,"column":24}},{"start":{"line":4,"column":28},"end":{"line":4,"column":44}}],"line":4}},"s":{"0":2,"1":2,"2":2,"3":0,"4":2,"5":2},"f":{"0":2},"b":{"0":[0,2],"1":[2,0]},"_coverageSchema":"1a1c01bbd47fc00a2c39e90264f33305004495a9","hash":"ee853e22d221f701dd0ab5176a6535ade8243fc7"}
,"/backend/models/boilerplate.js": {"path":"/backend/models/boilerplate.js","statementMap":{"0":{"start":{"line":1,"column":17},"end":{"line":1,"column":36}},"1":{"start":{"line":2,"column":12},"end":{"line":2,"column":26}},"2":{"start":{"line":4,"column":13},"end":{"line":19,"column":1}},"3":{"start":{"line":21,"column":21},"end":{"line":28,"column":1}},"4":{"start":{"line":22,"column":17},"end":{"line":26,"column":4}},"5":{"start":{"line":27,"column":2},"end":{"line":27,"column":31}},"6":{"start":{"line":30,"column":0},"end":{"line":30,"column":40}}},"fnMap":{"0":{"name":"(anonymous_0)","decl":{"start":{"line":21,"column":21},"end":{"line":21,"column":22}},"loc":{"start":{"line":21,"column":31},"end":{"line":28,"column":1}},"line":21}},"branchMap":{},"s":{"0":2,"1":2,"2":2,"3":2,"4":0,"5":0,"6":2},"f":{"0":0},"b":{},"_coverageSchema":"1a1c01bbd47fc00a2c39e90264f33305004495a9","hash":"e9855ad88ce137a1cb1a9458666da65998f971d7"}
,"/backend/models/additional/blog.js": {"path":"/backend/models/additional/blog.js","statementMap":{"0":{"start":{"line":1,"column":17},"end":{"line":1,"column":36}},"1":{"start":{"line":2,"column":12},"end":{"line":2,"column":26}},"2":{"start":{"line":4,"column":13},"end":{"line":74,"column":1}},"3":{"start":{"line":76,"column":21},"end":{"line":90,"column":1}},"4":{"start":{"line":77,"column":17},"end":{"line":88,"column":4}},"5":{"start":{"line":89,"column":2},"end":{"line":89,"column":31}},"6":{"start":{"line":91,"column":24},"end":{"line":99,"column":1}},"7":{"start":{"line":92,"column":17},"end":{"line":97,"column":4}},"8":{"start":{"line":98,"column":2},"end":{"line":98,"column":34}},"9":{"start":{"line":101,"column":0},"end":{"line":101,"column":57}}},"fnMap":{"0":{"name":"(anonymous_0)","decl":{"start":{"line":76,"column":21},"end":{"line":76,"column":22}},"loc":{"start":{"line":76,"column":31},"end":{"line":90,"column":1}},"line":76},"1":{"name":"(anonymous_1)","decl":{"start":{"line":91,"column":24},"end":{"line":91,"column":25}},"loc":{"start":{"line":91,"column":37},"end":{"line":99,"column":1}},"line":91}},"branchMap":{},"s":{"0":2,"1":2,"2":2,"3":2,"4":0,"5":0,"6":2,"7":0,"8":0,"9":2},"f":{"0":0,"1":0},"b":{},"_coverageSchema":"1a1c01bbd47fc00a2c39e90264f33305004495a9","hash":"9c1e1d21e86fdf110ea1b780cb72eaafd28a189d"}
,"/backend/models/additional/faq.js": {"path":"/backend/models/additional/faq.js","statementMap":{"0":{"start":{"line":1,"column":17},"end":{"line":1,"column":36}},"1":{"start":{"line":2,"column":12},"end":{"line":2,"column":26}},"2":{"start":{"line":4,"column":12},"end":{"line":35,"column":1}},"3":{"start":{"line":37,"column":20},"end":{"line":44,"column":1}},"4":{"start":{"line":38,"column":17},"end":{"line":42,"column":4}},"5":{"start":{"line":43,"column":2},"end":{"line":43,"column":30}},"6":{"start":{"line":46,"column":0},"end":{"line":46,"column":38}}},"fnMap":{"0":{"name":"(anonymous_0)","decl":{"start":{"line":37,"column":20},"end":{"line":37,"column":21}},"loc":{"start":{"line":37,"column":29},"end":{"line":44,"column":1}},"line":37}},"branchMap":{},"s":{"0":2,"1":2,"2":2,"3":2,"4":0,"5":0,"6":2},"f":{"0":0},"b":{},"_coverageSchema":"1a1c01bbd47fc00a2c39e90264f33305004495a9","hash":"8d7d6e5ecf70cccfe7b2d9ab6a435b2ec00a9aab"}
,"/backend/models/additional/termsAndCondition.js": {"path":"/backend/models/additional/termsAndCondition.js","statementMap":{"0":{"start":{"line":1,"column":17},"end":{"line":1,"column":36}},"1":{"start":{"line":2,"column":12},"end":{"line":2,"column":26}},"2":{"start":{"line":4,"column":23},"end":{"line":16,"column":1}},"3":{"start":{"line":18,"column":31},"end":{"line":23,"column":1}},"4":{"start":{"line":19,"column":17},"end":{"line":21,"column":4}},"5":{"start":{"line":22,"column":2},"end":{"line":22,"column":41}},"6":{"start":{"line":25,"column":0},"end":{"line":25,"column":60}}},"fnMap":{"0":{"name":"(anonymous_0)","decl":{"start":{"line":18,"column":31},"end":{"line":18,"column":32}},"loc":{"start":{"line":18,"column":51},"end":{"line":23,"column":1}},"line":18}},"branchMap":{},"s":{"0":2,"1":2,"2":2,"3":2,"4":0,"5":0,"6":2},"f":{"0":0},"b":{},"_coverageSchema":"1a1c01bbd47fc00a2c39e90264f33305004495a9","hash":"d9a35a5880c8f8a53da73300b09e0da808fa5f60"}
,"/backend/models/food/combo.js": {"path":"/backend/models/food/combo.js","statementMap":{"0":{"start":{"line":1,"column":17},"end":{"line":1,"column":36}},"1":{"start":{"line":2,"column":12},"end":{"line":2,"column":26}},"2":{"start":{"line":4,"column":14},"end":{"line":38,"column":1}},"3":{"start":{"line":40,"column":22},"end":{"line":49,"column":1}},"4":{"start":{"line":41,"column":17},"end":{"line":47,"column":4}},"5":{"start":{"line":48,"column":2},"end":{"line":48,"column":32}},"6":{"start":{"line":51,"column":0},"end":{"line":51,"column":42}}},"fnMap":{"0":{"name":"(anonymous_0)","decl":{"start":{"line":40,"column":22},"end":{"line":40,"column":23}},"loc":{"start":{"line":40,"column":33},"end":{"line":49,"column":1}},"line":40}},"branchMap":{},"s":{"0":2,"1":2,"2":2,"3":2,"4":0,"5":0,"6":2},"f":{"0":0},"b":{},"_coverageSchema":"1a1c01bbd47fc00a2c39e90264f33305004495a9","hash":"758847e03abc1b02b9002570cbab2fd6d4cc18a9"}
,"/backend/models/food/index.js": {"path":"/backend/models/food/index.js","statementMap":{"0":{"start":{"line":1,"column":17},"end":{"line":1,"column":36}},"1":{"start":{"line":2,"column":12},"end":{"line":2,"column":26}},"2":{"start":{"line":4,"column":16},"end":{"line":43,"column":1}},"3":{"start":{"line":45,"column":24},"end":{"line":57,"column":1}},"4":{"start":{"line":46,"column":17},"end":{"line":55,"column":4}},"5":{"start":{"line":56,"column":2},"end":{"line":56,"column":34}},"6":{"start":{"line":59,"column":0},"end":{"line":59,"column":46}}},"fnMap":{"0":{"name":"(anonymous_0)","decl":{"start":{"line":45,"column":24},"end":{"line":45,"column":25}},"loc":{"start":{"line":45,"column":37},"end":{"line":57,"column":1}},"line":45}},"branchMap":{},"s":{"0":2,"1":2,"2":2,"3":2,"4":0,"5":0,"6":2},"f":{"0":0},"b":{},"_coverageSchema":"1a1c01bbd47fc00a2c39e90264f33305004495a9","hash":"869712cc747bdc96287ac48a38f7df1c9dd98ddd"}
,"/backend/models/purchase/cart.js": {"path":"/backend/models/purchase/cart.js","statementMap":{"0":{"start":{"line":1,"column":17},"end":{"line":1,"column":36}},"1":{"start":{"line":2,"column":12},"end":{"line":2,"column":26}},"2":{"start":{"line":4,"column":13},"end":{"line":27,"column":1}},"3":{"start":{"line":29,"column":21},"end":{"line":40,"column":1}},"4":{"start":{"line":30,"column":17},"end":{"line":38,"column":3}},"5":{"start":{"line":39,"column":2},"end":{"line":39,"column":31}},"6":{"start":{"line":42,"column":27},"end":{"line":51,"column":1}},"7":{"start":{"line":43,"column":17},"end":{"line":48,"column":4}},"8":{"start":{"line":50,"column":2},"end":{"line":50,"column":31}},"9":{"start":{"line":53,"column":0},"end":{"line":53,"column":60}}},"fnMap":{"0":{"name":"(anonymous_0)","decl":{"start":{"line":29,"column":21},"end":{"line":29,"column":22}},"loc":{"start":{"line":29,"column":31},"end":{"line":40,"column":1}},"line":29},"1":{"name":"(anonymous_1)","decl":{"start":{"line":42,"column":27},"end":{"line":42,"column":28}},"loc":{"start":{"line":42,"column":37},"end":{"line":51,"column":1}},"line":42}},"branchMap":{},"s":{"0":2,"1":2,"2":2,"3":2,"4":0,"5":0,"6":2,"7":0,"8":0,"9":2},"f":{"0":0,"1":0},"b":{},"_coverageSchema":"1a1c01bbd47fc00a2c39e90264f33305004495a9","hash":"c00dd29b4aa2d65a8625b92b73d3ff734e4e653e"}
,"/backend/models/purchase/dine.js": {"path":"/backend/models/purchase/dine.js","statementMap":{"0":{"start":{"line":1,"column":17},"end":{"line":1,"column":36}},"1":{"start":{"line":2,"column":12},"end":{"line":2,"column":26}},"2":{"start":{"line":4,"column":13},"end":{"line":31,"column":1}},"3":{"start":{"line":33,"column":21},"end":{"line":40,"column":1}},"4":{"start":{"line":34,"column":17},"end":{"line":38,"column":4}},"5":{"start":{"line":39,"column":2},"end":{"line":39,"column":31}},"6":{"start":{"line":42,"column":0},"end":{"line":42,"column":40}}},"fnMap":{"0":{"name":"(anonymous_0)","decl":{"start":{"line":33,"column":21},"end":{"line":33,"column":22}},"loc":{"start":{"line":33,"column":31},"end":{"line":40,"column":1}},"line":33}},"branchMap":{},"s":{"0":2,"1":2,"2":2,"3":2,"4":0,"5":0,"6":2},"f":{"0":0},"b":{},"_coverageSchema":"1a1c01bbd47fc00a2c39e90264f33305004495a9","hash":"3bc425f93d7c7d4b3086d09cc217f3c812e3a920"}
,"/backend/models/purchase/invoice.js": {"path":"/backend/models/purchase/invoice.js","statementMap":{"0":{"start":{"line":1,"column":17},"end":{"line":1,"column":36}},"1":{"start":{"line":2,"column":12},"end":{"line":2,"column":26}},"2":{"start":{"line":4,"column":16},"end":{"line":39,"column":1}},"3":{"start":{"line":41,"column":24},"end":{"line":56,"column":1}},"4":{"start":{"line":42,"column":17},"end":{"line":54,"column":4}},"5":{"start":{"line":55,"column":2},"end":{"line":55,"column":34}},"6":{"start":{"line":58,"column":0},"end":{"line":58,"column":46}}},"fnMap":{"0":{"name":"(anonymous_0)","decl":{"start":{"line":41,"column":24},"end":{"line":41,"column":25}},"loc":{"start":{"line":41,"column":37},"end":{"line":56,"column":1}},"line":41}},"branchMap":{},"s":{"0":2,"1":2,"2":2,"3":2,"4":0,"5":0,"6":2},"f":{"0":0},"b":{},"_coverageSchema":"1a1c01bbd47fc00a2c39e90264f33305004495a9","hash":"019bb2625b5fc5cc7495fa25c56b8fe90f1fdcf4"}
,"/backend/models/user/adminAndManager.js": {"path":"/backend/models/user/adminAndManager.js","statementMap":{"0":{"start":{"line":1,"column":17},"end":{"line":1,"column":36}},"1":{"start":{"line":2,"column":12},"end":{"line":2,"column":26}},"2":{"start":{"line":4,"column":24},"end":{"line":58,"column":1}},"3":{"start":{"line":60,"column":32},"end":{"line":76,"column":1}},"4":{"start":{"line":61,"column":17},"end":{"line":74,"column":4}},"5":{"start":{"line":75,"column":2},"end":{"line":75,"column":42}},"6":{"start":{"line":78,"column":31},"end":{"line":84,"column":1}},"7":{"start":{"line":79,"column":17},"end":{"line":82,"column":4}},"8":{"start":{"line":83,"column":2},"end":{"line":83,"column":42}},"9":{"start":{"line":86,"column":0},"end":{"line":90,"column":2}}},"fnMap":{"0":{"name":"(anonymous_0)","decl":{"start":{"line":60,"column":32},"end":{"line":60,"column":33}},"loc":{"start":{"line":60,"column":53},"end":{"line":76,"column":1}},"line":60},"1":{"name":"(anonymous_1)","decl":{"start":{"line":78,"column":31},"end":{"line":78,"column":32}},"loc":{"start":{"line":78,"column":52},"end":{"line":84,"column":1}},"line":78}},"branchMap":{},"s":{"0":2,"1":2,"2":2,"3":2,"4":1,"5":1,"6":2,"7":1,"8":1,"9":2},"f":{"0":1,"1":1},"b":{},"_coverageSchema":"1a1c01bbd47fc00a2c39e90264f33305004495a9","hash":"8acf21da5d1b5ccd62d8d8d209f8db43a165a5f1"}
,"/backend/models/user/consumer.js": {"path":"/backend/models/user/consumer.js","statementMap":{"0":{"start":{"line":1,"column":17},"end":{"line":1,"column":36}},"1":{"start":{"line":2,"column":12},"end":{"line":2,"column":26}},"2":{"start":{"line":4,"column":17},"end":{"line":51,"column":1}},"3":{"start":{"line":53,"column":25},"end":{"line":64,"column":1}},"4":{"start":{"line":54,"column":17},"end":{"line":62,"column":4}},"5":{"start":{"line":63,"column":2},"end":{"line":63,"column":35}},"6":{"start":{"line":66,"column":30},"end":{"line":72,"column":1}},"7":{"start":{"line":67,"column":17},"end":{"line":70,"column":4}},"8":{"start":{"line":71,"column":2},"end":{"line":71,"column":35}},"9":{"start":{"line":74,"column":27},"end":{"line":81,"column":1}},"10":{"start":{"line":75,"column":17},"end":{"line":79,"column":4}},"11":{"start":{"line":80,"column":2},"end":{"line":80,"column":35}},"12":{"start":{"line":83,"column":0},"end":{"line":88,"column":2}}},"fnMap":{"0":{"name":"(anonymous_0)","decl":{"start":{"line":53,"column":25},"end":{"line":53,"column":26}},"loc":{"start":{"line":53,"column":39},"end":{"line":64,"column":1}},"line":53},"1":{"name":"(anonymous_1)","decl":{"start":{"line":66,"column":30},"end":{"line":66,"column":31}},"loc":{"start":{"line":66,"column":44},"end":{"line":72,"column":1}},"line":66},"2":{"name":"(anonymous_2)","decl":{"start":{"line":74,"column":27},"end":{"line":74,"column":28}},"loc":{"start":{"line":74,"column":41},"end":{"line":81,"column":1}},"line":74}},"branchMap":{},"s":{"0":2,"1":2,"2":2,"3":2,"4":0,"5":0,"6":2,"7":0,"8":0,"9":2,"10":1,"11":1,"12":2},"f":{"0":0,"1":0,"2":1},"b":{},"_coverageSchema":"1a1c01bbd47fc00a2c39e90264f33305004495a9","hash":"90f2a28b1125737ea8b6ae6d6aae74fae51f43ab"}
,"/backend/routes/boilerplate.js": {"path":"/backend/routes/boilerplate.js","statementMap":{"0":{"start":{"line":1,"column":16},"end":{"line":1,"column":34}},"1":{"start":{"line":2,"column":10},"end":{"line":2,"column":27}},"2":{"start":{"line":3,"column":31},"end":{"line":3,"column":63}},"3":{"start":{"line":5,"column":15},"end":{"line":5,"column":31}},"4":{"start":{"line":8,"column":0},"end":{"line":15,"column":3}},"5":{"start":{"line":9,"column":20},"end":{"line":9,"column":42}},"6":{"start":{"line":10,"column":2},"end":{"line":10,"column":69}},"7":{"start":{"line":10,"column":13},"end":{"line":10,"column":69}},"8":{"start":{"line":12,"column":2},"end":{"line":12,"column":30}},"9":{"start":{"line":14,"column":2},"end":{"line":14,"column":56}},"10":{"start":{"line":18,"column":0},"end":{"line":22,"column":3}},"11":{"start":{"line":19,"column":15},"end":{"line":19,"column":45}},"12":{"start":{"line":21,"column":2},"end":{"line":21,"column":40}},"13":{"start":{"line":25,"column":0},"end":{"line":25,"column":48}},"14":{"start":{"line":27,"column":0},"end":{"line":27,"column":24}}},"fnMap":{"0":{"name":"(anonymous_0)","decl":{"start":{"line":8,"column":20},"end":{"line":8,"column":21}},"loc":{"start":{"line":8,"column":40},"end":{"line":15,"column":1}},"line":8},"1":{"name":"(anonymous_1)","decl":{"start":{"line":18,"column":16},"end":{"line":18,"column":17}},"loc":{"start":{"line":18,"column":36},"end":{"line":22,"column":1}},"line":18},"2":{"name":"(anonymous_2)","decl":{"start":{"line":25,"column":24},"end":{"line":25,"column":25}},"loc":{"start":{"line":25,"column":44},"end":{"line":25,"column":46}},"line":25}},"branchMap":{"0":{"loc":{"start":{"line":10,"column":2},"end":{"line":10,"column":69}},"type":"if","locations":[{"start":{"line":10,"column":2},"end":{"line":10,"column":69}},{"start":{},"end":{}}],"line":10}},"s":{"0":2,"1":2,"2":2,"3":2,"4":2,"5":0,"6":0,"7":0,"8":0,"9":0,"10":2,"11":1,"12":1,"13":2,"14":2},"f":{"0":0,"1":1,"2":0},"b":{"0":[0,0]},"_coverageSchema":"1a1c01bbd47fc00a2c39e90264f33305004495a9","hash":"0d9fce8b2aed6c7db16a82570db0f327b374b2af"}
,"/backend/routes/additional/blog.js": {"path":"/backend/routes/additional/blog.js","statementMap":{"0":{"start":{"line":1,"column":16},"end":{"line":1,"column":34}},"1":{"start":{"line":2,"column":10},"end":{"line":2,"column":27}},"2":{"start":{"line":3,"column":13},"end":{"line":3,"column":46}},"3":{"start":{"line":4,"column":17},"end":{"line":4,"column":59}},"4":{"start":{"line":5,"column":16},"end":{"line":5,"column":57}},"5":{"start":{"line":10,"column":4},"end":{"line":10,"column":43}},"6":{"start":{"line":12,"column":15},"end":{"line":12,"column":31}},"7":{"start":{"line":15,"column":0},"end":{"line":22,"column":3}},"8":{"start":{"line":16,"column":20},"end":{"line":16,"column":42}},"9":{"start":{"line":17,"column":2},"end":{"line":17,"column":69}},"10":{"start":{"line":17,"column":13},"end":{"line":17,"column":69}},"11":{"start":{"line":19,"column":2},"end":{"line":19,"column":30}},"12":{"start":{"line":21,"column":2},"end":{"line":21,"column":61}},"13":{"start":{"line":25,"column":0},"end":{"line":41,"column":3}},"14":{"start":{"line":26,"column":16},"end":{"line":31,"column":4}},"15":{"start":{"line":33,"column":2},"end":{"line":33,"column":80}},"16":{"start":{"line":33,"column":21},"end":{"line":33,"column":80}},"17":{"start":{"line":35,"column":2},"end":{"line":40,"column":5}},"18":{"start":{"line":44,"column":0},"end":{"line":62,"column":3}},"19":{"start":{"line":45,"column":19},"end":{"line":45,"column":28}},"20":{"start":{"line":47,"column":16},"end":{"line":47,"column":30}},"21":{"start":{"line":49,"column":16},"end":{"line":51,"column":34}},"22":{"start":{"line":53,"column":2},"end":{"line":54,"column":63}},"23":{"start":{"line":54,"column":4},"end":{"line":54,"column":63}},"24":{"start":{"line":56,"column":2},"end":{"line":61,"column":5}},"25":{"start":{"line":65,"column":0},"end":{"line":99,"column":3}},"26":{"start":{"line":66,"column":35},"end":{"line":66,"column":44}},"27":{"start":{"line":68,"column":16},"end":{"line":68,"column":34}},"28":{"start":{"line":69,"column":17},"end":{"line":69,"column":51}},"29":{"start":{"line":71,"column":16},"end":{"line":74,"column":32}},"30":{"start":{"line":76,"column":2},"end":{"line":77,"column":63}},"31":{"start":{"line":77,"column":4},"end":{"line":77,"column":63}},"32":{"start":{"line":79,"column":2},"end":{"line":98,"column":5}},"33":{"start":{"line":102,"column":0},"end":{"line":110,"column":3}},"34":{"start":{"line":103,"column":15},"end":{"line":106,"column":4}},"35":{"start":{"line":107,"column":2},"end":{"line":107,"column":72}},"36":{"start":{"line":107,"column":13},"end":{"line":107,"column":72}},"37":{"start":{"line":109,"column":2},"end":{"line":109,"column":41}},"38":{"start":{"line":113,"column":0},"end":{"line":124,"column":3}},"39":{"start":{"line":114,"column":20},"end":{"line":114,"column":45}},"40":{"start":{"line":115,"column":2},"end":{"line":115,"column":69}},"41":{"start":{"line":115,"column":13},"end":{"line":115,"column":69}},"42":{"start":{"line":117,"column":15},"end":{"line":117,"column":48}},"43":{"start":{"line":118,"column":2},"end":{"line":118,"column":72}},"44":{"start":{"line":118,"column":13},"end":{"line":118,"column":72}},"45":{"start":{"line":120,"column":2},"end":{"line":120,"column":76}},"46":{"start":{"line":121,"column":2},"end":{"line":121,"column":20}},"47":{"start":{"line":123,"column":2},"end":{"line":123,"column":70}},"48":{"start":{"line":127,"column":0},"end":{"line":142,"column":3}},"49":{"start":{"line":128,"column":15},"end":{"line":128,"column":48}},"50":{"start":{"line":129,"column":2},"end":{"line":129,"column":72}},"51":{"start":{"line":129,"column":13},"end":{"line":129,"column":72}},"52":{"start":{"line":131,"column":21},"end":{"line":133,"column":3}},"53":{"start":{"line":132,"column":12},"end":{"line":132,"column":53}},"54":{"start":{"line":134,"column":2},"end":{"line":135,"column":71}},"55":{"start":{"line":135,"column":4},"end":{"line":135,"column":71}},"56":{"start":{"line":137,"column":2},"end":{"line":137,"column":32}},"57":{"start":{"line":138,"column":2},"end":{"line":138,"column":47}},"58":{"start":{"line":139,"column":2},"end":{"line":139,"column":20}},"59":{"start":{"line":141,"column":2},"end":{"line":141,"column":76}},"60":{"start":{"line":145,"column":0},"end":{"line":156,"column":3}},"61":{"start":{"line":146,"column":15},"end":{"line":146,"column":48}},"62":{"start":{"line":147,"column":2},"end":{"line":147,"column":72}},"63":{"start":{"line":147,"column":13},"end":{"line":147,"column":72}},"64":{"start":{"line":149,"column":2},"end":{"line":152,"column":5}},"65":{"start":{"line":153,"column":2},"end":{"line":153,"column":20}},"66":{"start":{"line":155,"column":2},"end":{"line":155,"column":69}},"67":{"start":{"line":159,"column":0},"end":{"line":166,"column":3}},"68":{"start":{"line":160,"column":15},"end":{"line":160,"column":48}},"69":{"start":{"line":161,"column":2},"end":{"line":161,"column":72}},"70":{"start":{"line":161,"column":13},"end":{"line":161,"column":72}},"71":{"start":{"line":163,"column":2},"end":{"line":163,"column":22}},"72":{"start":{"line":165,"column":2},"end":{"line":165,"column":62}},"73":{"start":{"line":168,"column":0},"end":{"line":168,"column":24}}},"fnMap":{"0":{"name":"(anonymous_0)","decl":{"start":{"line":15,"column":37},"end":{"line":15,"column":38}},"loc":{"start":{"line":15,"column":57},"end":{"line":22,"column":1}},"line":15},"1":{"name":"(anonymous_1)","decl":{"start":{"line":25,"column":25},"end":{"line":25,"column":26}},"loc":{"start":{"line":25,"column":45},"end":{"line":41,"column":1}},"line":25},"2":{"name":"(anonymous_2)","decl":{"start":{"line":44,"column":24},"end":{"line":44,"column":25}},"loc":{"start":{"line":44,"column":44},"end":{"line":62,"column":1}},"line":44},"3":{"name":"(anonymous_3)","decl":{"start":{"line":65,"column":33},"end":{"line":65,"column":34}},"loc":{"start":{"line":65,"column":53},"end":{"line":99,"column":1}},"line":65},"4":{"name":"(anonymous_4)","decl":{"start":{"line":102,"column":28},"end":{"line":102,"column":29}},"loc":{"start":{"line":102,"column":48},"end":{"line":110,"column":1}},"line":102},"5":{"name":"(anonymous_5)","decl":{"start":{"line":113,"column":43},"end":{"line":113,"column":44}},"loc":{"start":{"line":113,"column":63},"end":{"line":124,"column":1}},"line":113},"6":{"name":"(anonymous_6)","decl":{"start":{"line":127,"column":41},"end":{"line":127,"column":42}},"loc":{"start":{"line":127,"column":61},"end":{"line":142,"column":1}},"line":127},"7":{"name":"(anonymous_7)","decl":{"start":{"line":132,"column":4},"end":{"line":132,"column":5}},"loc":{"start":{"line":132,"column":12},"end":{"line":132,"column":53}},"line":132},"8":{"name":"(anonymous_8)","decl":{"start":{"line":145,"column":41},"end":{"line":145,"column":42}},"loc":{"start":{"line":145,"column":61},"end":{"line":156,"column":1}},"line":145},"9":{"name":"(anonymous_9)","decl":{"start":{"line":159,"column":42},"end":{"line":159,"column":43}},"loc":{"start":{"line":159,"column":62},"end":{"line":166,"column":1}},"line":159}},"branchMap":{"0":{"loc":{"start":{"line":17,"column":2},"end":{"line":17,"column":69}},"type":"if","locations":[{"start":{"line":17,"column":2},"end":{"line":17,"column":69}},{"start":{},"end":{}}],"line":17},"1":{"loc":{"start":{"line":33,"column":2},"end":{"line":33,"column":80}},"type":"if","locations":[{"start":{"line":33,"column":2},"end":{"line":33,"column":80}},{"start":{},"end":{}}],"line":33},"2":{"loc":{"start":{"line":53,"column":2},"end":{"line":54,"column":63}},"type":"if","locations":[{"start":{"line":53,"column":2},"end":{"line":54,"column":63}},{"start":{},"end":{}}],"line":53},"3":{"loc":{"start":{"line":76,"column":2},"end":{"line":77,"column":63}},"type":"if","locations":[{"start":{"line":76,"column":2},"end":{"line":77,"column":63}},{"start":{},"end":{}}],"line":76},"4":{"loc":{"start":{"line":107,"column":2},"end":{"line":107,"column":72}},"type":"if","locations":[{"start":{"line":107,"column":2},"end":{"line":107,"column":72}},{"start":{},"end":{}}],"line":107},"5":{"loc":{"start":{"line":115,"column":2},"end":{"line":115,"column":69}},"type":"if","locations":[{"start":{"line":115,"column":2},"end":{"line":115,"column":69}},{"start":{},"end":{}}],"line":115},"6":{"loc":{"start":{"line":118,"column":2},"end":{"line":118,"column":72}},"type":"if","locations":[{"start":{"line":118,"column":2},"end":{"line":118,"column":72}},{"start":{},"end":{}}],"line":118},"7":{"loc":{"start":{"line":129,"column":2},"end":{"line":129,"column":72}},"type":"if","locations":[{"start":{"line":129,"column":2},"end":{"line":129,"column":72}},{"start":{},"end":{}}],"line":129},"8":{"loc":{"start":{"line":134,"column":2},"end":{"line":135,"column":71}},"type":"if","locations":[{"start":{"line":134,"column":2},"end":{"line":135,"column":71}},{"start":{},"end":{}}],"line":134},"9":{"loc":{"start":{"line":147,"column":2},"end":{"line":147,"column":72}},"type":"if","locations":[{"start":{"line":147,"column":2},"end":{"line":147,"column":72}},{"start":{},"end":{}}],"line":147},"10":{"loc":{"start":{"line":161,"column":2},"end":{"line":161,"column":72}},"type":"if","locations":[{"start":{"line":161,"column":2},"end":{"line":161,"column":72}},{"start":{},"end":{}}],"line":161}},"s":{"0":2,"1":2,"2":2,"3":2,"4":2,"5":2,"6":2,"7":2,"8":0,"9":0,"10":0,"11":0,"12":0,"13":2,"14":0,"15":0,"16":0,"17":0,"18":2,"19":0,"20":0,"21":0,"22":0,"23":0,"24":0,"25":2,"26":0,"27":0,"28":0,"29":0,"30":0,"31":0,"32":0,"33":2,"34":0,"35":0,"36":0,"37":0,"38":2,"39":0,"40":0,"41":0,"42":0,"43":0,"44":0,"45":0,"46":0,"47":0,"48":2,"49":0,"50":0,"51":0,"52":0,"53":0,"54":0,"55":0,"56":0,"57":0,"58":0,"59":0,"60":2,"61":0,"62":0,"63":0,"64":0,"65":0,"66":0,"67":2,"68":0,"69":0,"70":0,"71":0,"72":0,"73":2},"f":{"0":0,"1":0,"2":0,"3":0,"4":0,"5":0,"6":0,"7":0,"8":0,"9":0},"b":{"0":[0,0],"1":[0,0],"2":[0,0],"3":[0,0],"4":[0,0],"5":[0,0],"6":[0,0],"7":[0,0],"8":[0,0],"9":[0,0],"10":[0,0]},"_coverageSchema":"1a1c01bbd47fc00a2c39e90264f33305004495a9","hash":"1a03c92210e91485ac112be4ca9c95ef7601c683"}
,"/backend/routes/additional/faq.js": {"path":"/backend/routes/additional/faq.js","statementMap":{"0":{"start":{"line":1,"column":16},"end":{"line":1,"column":34}},"1":{"start":{"line":2,"column":10},"end":{"line":2,"column":27}},"2":{"start":{"line":3,"column":13},"end":{"line":3,"column":46}},"3":{"start":{"line":4,"column":17},"end":{"line":4,"column":59}},"4":{"start":{"line":5,"column":14},"end":{"line":5,"column":53}},"5":{"start":{"line":6,"column":29},"end":{"line":6,"column":67}},"6":{"start":{"line":8,"column":15},"end":{"line":8,"column":31}},"7":{"start":{"line":11,"column":0},"end":{"line":18,"column":3}},"8":{"start":{"line":12,"column":20},"end":{"line":12,"column":41}},"9":{"start":{"line":13,"column":2},"end":{"line":13,"column":69}},"10":{"start":{"line":13,"column":13},"end":{"line":13,"column":69}},"11":{"start":{"line":15,"column":2},"end":{"line":15,"column":29}},"12":{"start":{"line":17,"column":2},"end":{"line":17,"column":57}},"13":{"start":{"line":21,"column":0},"end":{"line":25,"column":3}},"14":{"start":{"line":22,"column":14},"end":{"line":22,"column":75}},"15":{"start":{"line":24,"column":2},"end":{"line":24,"column":39}},"16":{"start":{"line":28,"column":0},"end":{"line":32,"column":3}},"17":{"start":{"line":29,"column":2},"end":{"line":29,"column":29}},"18":{"start":{"line":31,"column":2},"end":{"line":31,"column":57}},"19":{"start":{"line":35,"column":0},"end":{"line":38,"column":3}},"20":{"start":{"line":36,"column":14},"end":{"line":36,"column":58}},"21":{"start":{"line":37,"column":2},"end":{"line":37,"column":39}},"22":{"start":{"line":41,"column":0},"end":{"line":52,"column":3}},"23":{"start":{"line":42,"column":14},"end":{"line":42,"column":46}},"24":{"start":{"line":43,"column":2},"end":{"line":43,"column":70}},"25":{"start":{"line":43,"column":12},"end":{"line":43,"column":70}},"26":{"start":{"line":45,"column":2},"end":{"line":48,"column":5}},"27":{"start":{"line":49,"column":2},"end":{"line":49,"column":19}},"28":{"start":{"line":51,"column":2},"end":{"line":51,"column":68}},"29":{"start":{"line":55,"column":0},"end":{"line":62,"column":3}},"30":{"start":{"line":56,"column":14},"end":{"line":56,"column":46}},"31":{"start":{"line":57,"column":2},"end":{"line":57,"column":70}},"32":{"start":{"line":57,"column":12},"end":{"line":57,"column":70}},"33":{"start":{"line":59,"column":2},"end":{"line":59,"column":21}},"34":{"start":{"line":61,"column":2},"end":{"line":61,"column":61}},"35":{"start":{"line":64,"column":0},"end":{"line":64,"column":24}}},"fnMap":{"0":{"name":"(anonymous_0)","decl":{"start":{"line":11,"column":38},"end":{"line":11,"column":39}},"loc":{"start":{"line":11,"column":58},"end":{"line":18,"column":1}},"line":11},"1":{"name":"(anonymous_1)","decl":{"start":{"line":21,"column":16},"end":{"line":21,"column":17}},"loc":{"start":{"line":21,"column":36},"end":{"line":25,"column":1}},"line":21},"2":{"name":"(anonymous_2)","decl":{"start":{"line":28,"column":42},"end":{"line":28,"column":43}},"loc":{"start":{"line":28,"column":62},"end":{"line":32,"column":1}},"line":28},"3":{"name":"(anonymous_3)","decl":{"start":{"line":35,"column":34},"end":{"line":35,"column":35}},"loc":{"start":{"line":35,"column":54},"end":{"line":38,"column":1}},"line":35},"4":{"name":"(anonymous_4)","decl":{"start":{"line":41,"column":39},"end":{"line":41,"column":40}},"loc":{"start":{"line":41,"column":59},"end":{"line":52,"column":1}},"line":41},"5":{"name":"(anonymous_5)","decl":{"start":{"line":55,"column":40},"end":{"line":55,"column":41}},"loc":{"start":{"line":55,"column":60},"end":{"line":62,"column":1}},"line":55}},"branchMap":{"0":{"loc":{"start":{"line":13,"column":2},"end":{"line":13,"column":69}},"type":"if","locations":[{"start":{"line":13,"column":2},"end":{"line":13,"column":69}},{"start":{},"end":{}}],"line":13},"1":{"loc":{"start":{"line":43,"column":2},"end":{"line":43,"column":70}},"type":"if","locations":[{"start":{"line":43,"column":2},"end":{"line":43,"column":70}},{"start":{},"end":{}}],"line":43},"2":{"loc":{"start":{"line":57,"column":2},"end":{"line":57,"column":70}},"type":"if","locations":[{"start":{"line":57,"column":2},"end":{"line":57,"column":70}},{"start":{},"end":{}}],"line":57}},"s":{"0":2,"1":2,"2":2,"3":2,"4":2,"5":2,"6":2,"7":2,"8":0,"9":0,"10":0,"11":0,"12":0,"13":2,"14":0,"15":0,"16":2,"17":0,"18":0,"19":2,"20":0,"21":0,"22":2,"23":0,"24":0,"25":0,"26":0,"27":0,"28":0,"29":2,"30":0,"31":0,"32":0,"33":0,"34":0,"35":2},"f":{"0":0,"1":0,"2":0,"3":0,"4":0,"5":0},"b":{"0":[0,0],"1":[0,0],"2":[0,0]},"_coverageSchema":"1a1c01bbd47fc00a2c39e90264f33305004495a9","hash":"5759bc981f13fac2c769d760d51a8955f23cdd63"}
,"/backend/routes/additional/termsAndCondition.js": {"path":"/backend/routes/additional/termsAndCondition.js","statementMap":{"0":{"start":{"line":1,"column":16},"end":{"line":1,"column":34}},"1":{"start":{"line":2,"column":10},"end":{"line":2,"column":27}},"2":{"start":{"line":3,"column":13},"end":{"line":3,"column":46}},"3":{"start":{"line":4,"column":14},"end":{"line":4,"column":53}},"4":{"start":{"line":8,"column":4},"end":{"line":8,"column":56}},"5":{"start":{"line":10,"column":15},"end":{"line":10,"column":31}},"6":{"start":{"line":13,"column":0},"end":{"line":20,"column":3}},"7":{"start":{"line":14,"column":20},"end":{"line":14,"column":52}},"8":{"start":{"line":15,"column":2},"end":{"line":15,"column":69}},"9":{"start":{"line":15,"column":13},"end":{"line":15,"column":69}},"10":{"start":{"line":17,"column":2},"end":{"line":17,"column":40}},"11":{"start":{"line":19,"column":2},"end":{"line":19,"column":76}},"12":{"start":{"line":23,"column":0},"end":{"line":27,"column":3}},"13":{"start":{"line":24,"column":15},"end":{"line":24,"column":45}},"14":{"start":{"line":26,"column":2},"end":{"line":26,"column":41}},"15":{"start":{"line":30,"column":0},"end":{"line":44,"column":3}},"16":{"start":{"line":31,"column":25},"end":{"line":31,"column":68}},"17":{"start":{"line":32,"column":2},"end":{"line":33,"column":78}},"18":{"start":{"line":33,"column":4},"end":{"line":33,"column":78}},"19":{"start":{"line":35,"column":2},"end":{"line":38,"column":5}},"20":{"start":{"line":39,"column":2},"end":{"line":39,"column":30}},"21":{"start":{"line":41,"column":2},"end":{"line":43,"column":64}},"22":{"start":{"line":46,"column":0},"end":{"line":46,"column":24}}},"fnMap":{"0":{"name":"(anonymous_0)","decl":{"start":{"line":13,"column":35},"end":{"line":13,"column":36}},"loc":{"start":{"line":13,"column":55},"end":{"line":20,"column":1}},"line":13},"1":{"name":"(anonymous_1)","decl":{"start":{"line":23,"column":16},"end":{"line":23,"column":17}},"loc":{"start":{"line":23,"column":36},"end":{"line":27,"column":1}},"line":23},"2":{"name":"(anonymous_2)","decl":{"start":{"line":30,"column":24},"end":{"line":30,"column":25}},"loc":{"start":{"line":30,"column":44},"end":{"line":44,"column":1}},"line":30}},"branchMap":{"0":{"loc":{"start":{"line":15,"column":2},"end":{"line":15,"column":69}},"type":"if","locations":[{"start":{"line":15,"column":2},"end":{"line":15,"column":69}},{"start":{},"end":{}}],"line":15},"1":{"loc":{"start":{"line":32,"column":2},"end":{"line":33,"column":78}},"type":"if","locations":[{"start":{"line":32,"column":2},"end":{"line":33,"column":78}},{"start":{},"end":{}}],"line":32}},"s":{"0":2,"1":2,"2":2,"3":2,"4":2,"5":2,"6":2,"7":0,"8":0,"9":0,"10":0,"11":0,"12":2,"13":0,"14":0,"15":2,"16":0,"17":0,"18":0,"19":0,"20":0,"21":0,"22":2},"f":{"0":0,"1":0,"2":0},"b":{"0":[0,0],"1":[0,0]},"_coverageSchema":"1a1c01bbd47fc00a2c39e90264f33305004495a9","hash":"0b3fb7de4686695297a214355f3e30b9738cb068"}
,"/backend/routes/food/combo.js": {"path":"/backend/routes/food/combo.js","statementMap":{"0":{"start":{"line":1,"column":16},"end":{"line":1,"column":34}},"1":{"start":{"line":2,"column":10},"end":{"line":2,"column":27}},"2":{"start":{"line":3,"column":23},"end":{"line":3,"column":55}},"3":{"start":{"line":4,"column":13},"end":{"line":4,"column":46}},"4":{"start":{"line":5,"column":16},"end":{"line":5,"column":57}},"5":{"start":{"line":6,"column":20},"end":{"line":6,"column":48}},"6":{"start":{"line":7,"column":33},"end":{"line":7,"column":67}},"7":{"start":{"line":9,"column":15},"end":{"line":9,"column":31}},"8":{"start":{"line":12,"column":0},"end":{"line":19,"column":3}},"9":{"start":{"line":13,"column":20},"end":{"line":13,"column":43}},"10":{"start":{"line":14,"column":2},"end":{"line":14,"column":69}},"11":{"start":{"line":14,"column":13},"end":{"line":14,"column":69}},"12":{"start":{"line":16,"column":2},"end":{"line":16,"column":31}},"13":{"start":{"line":18,"column":2},"end":{"line":18,"column":63}},"14":{"start":{"line":22,"column":0},"end":{"line":34,"column":3}},"15":{"start":{"line":23,"column":19},"end":{"line":23,"column":43}},"16":{"start":{"line":25,"column":15},"end":{"line":27,"column":32}},"17":{"start":{"line":29,"column":2},"end":{"line":29,"column":80}},"18":{"start":{"line":29,"column":20},"end":{"line":29,"column":80}},"19":{"start":{"line":31,"column":2},"end":{"line":33,"column":5}},"20":{"start":{"line":37,"column":0},"end":{"line":56,"column":3}},"21":{"start":{"line":38,"column":20},"end":{"line":38,"column":55}},"22":{"start":{"line":39,"column":2},"end":{"line":39,"column":69}},"23":{"start":{"line":39,"column":13},"end":{"line":39,"column":69}},"24":{"start":{"line":41,"column":15},"end":{"line":41,"column":51}},"25":{"start":{"line":42,"column":2},"end":{"line":42,"column":73}},"26":{"start":{"line":42,"column":13},"end":{"line":42,"column":73}},"27":{"start":{"line":44,"column":18},"end":{"line":49,"column":4}},"28":{"start":{"line":50,"column":2},"end":{"line":51,"column":69}},"29":{"start":{"line":51,"column":4},"end":{"line":51,"column":69}},"30":{"start":{"line":53,"column":2},"end":{"line":55,"column":5}},"31":{"start":{"line":59,"column":0},"end":{"line":70,"column":3}},"32":{"start":{"line":60,"column":16},"end":{"line":60,"column":50}},"33":{"start":{"line":61,"column":2},"end":{"line":61,"column":74}},"34":{"start":{"line":61,"column":14},"end":{"line":61,"column":74}},"35":{"start":{"line":63,"column":2},"end":{"line":66,"column":5}},"36":{"start":{"line":67,"column":2},"end":{"line":67,"column":21}},"37":{"start":{"line":69,"column":2},"end":{"line":69,"column":70}},"38":{"start":{"line":73,"column":0},"end":{"line":83,"column":3}},"39":{"start":{"line":74,"column":20},"end":{"line":74,"column":53}},"40":{"start":{"line":75,"column":2},"end":{"line":75,"column":69}},"41":{"start":{"line":75,"column":13},"end":{"line":75,"column":69}},"42":{"start":{"line":77,"column":16},"end":{"line":77,"column":50}},"43":{"start":{"line":78,"column":2},"end":{"line":78,"column":74}},"44":{"start":{"line":78,"column":14},"end":{"line":78,"column":74}},"45":{"start":{"line":80,"column":2},"end":{"line":80,"column":23}},"46":{"start":{"line":82,"column":2},"end":{"line":82,"column":63}},"47":{"start":{"line":85,"column":0},"end":{"line":85,"column":24}}},"fnMap":{"0":{"name":"(anonymous_0)","decl":{"start":{"line":12,"column":37},"end":{"line":12,"column":38}},"loc":{"start":{"line":12,"column":57},"end":{"line":19,"column":1}},"line":12},"1":{"name":"(anonymous_1)","decl":{"start":{"line":22,"column":16},"end":{"line":22,"column":17}},"loc":{"start":{"line":22,"column":36},"end":{"line":34,"column":1}},"line":22},"2":{"name":"(anonymous_2)","decl":{"start":{"line":37,"column":20},"end":{"line":37,"column":21}},"loc":{"start":{"line":37,"column":40},"end":{"line":56,"column":1}},"line":37},"3":{"name":"(anonymous_3)","decl":{"start":{"line":59,"column":41},"end":{"line":59,"column":42}},"loc":{"start":{"line":59,"column":61},"end":{"line":70,"column":1}},"line":59},"4":{"name":"(anonymous_4)","decl":{"start":{"line":73,"column":42},"end":{"line":73,"column":43}},"loc":{"start":{"line":73,"column":62},"end":{"line":83,"column":1}},"line":73}},"branchMap":{"0":{"loc":{"start":{"line":14,"column":2},"end":{"line":14,"column":69}},"type":"if","locations":[{"start":{"line":14,"column":2},"end":{"line":14,"column":69}},{"start":{},"end":{}}],"line":14},"1":{"loc":{"start":{"line":23,"column":19},"end":{"line":23,"column":43}},"type":"binary-expr","locations":[{"start":{"line":23,"column":19},"end":{"line":23,"column":37}},{"start":{"line":23,"column":41},"end":{"line":23,"column":43}}],"line":23},"2":{"loc":{"start":{"line":29,"column":2},"end":{"line":29,"column":80}},"type":"if","locations":[{"start":{"line":29,"column":2},"end":{"line":29,"column":80}},{"start":{},"end":{}}],"line":29},"3":{"loc":{"start":{"line":39,"column":2},"end":{"line":39,"column":69}},"type":"if","locations":[{"start":{"line":39,"column":2},"end":{"line":39,"column":69}},{"start":{},"end":{}}],"line":39},"4":{"loc":{"start":{"line":42,"column":2},"end":{"line":42,"column":73}},"type":"if","locations":[{"start":{"line":42,"column":2},"end":{"line":42,"column":73}},{"start":{},"end":{}}],"line":42},"5":{"loc":{"start":{"line":50,"column":2},"end":{"line":51,"column":69}},"type":"if","locations":[{"start":{"line":50,"column":2},"end":{"line":51,"column":69}},{"start":{},"end":{}}],"line":50},"6":{"loc":{"start":{"line":61,"column":2},"end":{"line":61,"column":74}},"type":"if","locations":[{"start":{"line":61,"column":2},"end":{"line":61,"column":74}},{"start":{},"end":{}}],"line":61},"7":{"loc":{"start":{"line":75,"column":2},"end":{"line":75,"column":69}},"type":"if","locations":[{"start":{"line":75,"column":2},"end":{"line":75,"column":69}},{"start":{},"end":{}}],"line":75},"8":{"loc":{"start":{"line":78,"column":2},"end":{"line":78,"column":74}},"type":"if","locations":[{"start":{"line":78,"column":2},"end":{"line":78,"column":74}},{"start":{},"end":{}}],"line":78}},"s":{"0":2,"1":2,"2":2,"3":2,"4":2,"5":2,"6":2,"7":2,"8":2,"9":0,"10":0,"11":0,"12":0,"13":0,"14":2,"15":0,"16":0,"17":0,"18":0,"19":0,"20":2,"21":0,"22":0,"23":0,"24":0,"25":0,"26":0,"27":0,"28":0,"29":0,"30":0,"31":2,"32":0,"33":0,"34":0,"35":0,"36":0,"37":0,"38":2,"39":0,"40":0,"41":0,"42":0,"43":0,"44":0,"45":0,"46":0,"47":2},"f":{"0":0,"1":0,"2":0,"3":0,"4":0},"b":{"0":[0,0],"1":[0,0],"2":[0,0],"3":[0,0],"4":[0,0],"5":[0,0],"6":[0,0],"7":[0,0],"8":[0,0]},"_coverageSchema":"1a1c01bbd47fc00a2c39e90264f33305004495a9","hash":"e852f85dbe2296767f9c07782fb2ef3793786ac5"}
,"/backend/routes/food/index.js": {"path":"/backend/routes/food/index.js","statementMap":{"0":{"start":{"line":1,"column":16},"end":{"line":1,"column":34}},"1":{"start":{"line":2,"column":10},"end":{"line":2,"column":27}},"2":{"start":{"line":3,"column":23},"end":{"line":3,"column":55}},"3":{"start":{"line":4,"column":13},"end":{"line":4,"column":46}},"4":{"start":{"line":5,"column":16},"end":{"line":5,"column":57}},"5":{"start":{"line":6,"column":37},"end":{"line":6,"column":65}},"6":{"start":{"line":8,"column":15},"end":{"line":8,"column":31}},"7":{"start":{"line":11,"column":0},"end":{"line":18,"column":3}},"8":{"start":{"line":12,"column":20},"end":{"line":12,"column":45}},"9":{"start":{"line":13,"column":2},"end":{"line":13,"column":69}},"10":{"start":{"line":13,"column":13},"end":{"line":13,"column":69}},"11":{"start":{"line":15,"column":2},"end":{"line":15,"column":33}},"12":{"start":{"line":17,"column":2},"end":{"line":17,"column":65}},"13":{"start":{"line":21,"column":0},"end":{"line":29,"column":3}},"14":{"start":{"line":22,"column":20},"end":{"line":22,"column":55}},"15":{"start":{"line":23,"column":2},"end":{"line":23,"column":69}},"16":{"start":{"line":23,"column":13},"end":{"line":23,"column":69}},"17":{"start":{"line":25,"column":15},"end":{"line":25,"column":53}},"18":{"start":{"line":26,"column":2},"end":{"line":26,"column":72}},"19":{"start":{"line":26,"column":13},"end":{"line":26,"column":72}},"20":{"start":{"line":28,"column":2},"end":{"line":28,"column":41}},"21":{"start":{"line":32,"column":0},"end":{"line":45,"column":3}},"22":{"start":{"line":33,"column":19},"end":{"line":33,"column":37}},"23":{"start":{"line":35,"column":15},"end":{"line":40,"column":4}},"24":{"start":{"line":42,"column":2},"end":{"line":42,"column":79}},"25":{"start":{"line":42,"column":20},"end":{"line":42,"column":79}},"26":{"start":{"line":44,"column":2},"end":{"line":44,"column":40}},"27":{"start":{"line":48,"column":0},"end":{"line":59,"column":3}},"28":{"start":{"line":49,"column":15},"end":{"line":53,"column":4}},"29":{"start":{"line":55,"column":2},"end":{"line":56,"column":69}},"30":{"start":{"line":56,"column":4},"end":{"line":56,"column":69}},"31":{"start":{"line":58,"column":2},"end":{"line":58,"column":40}},"32":{"start":{"line":62,"column":0},"end":{"line":73,"column":3}},"33":{"start":{"line":63,"column":15},"end":{"line":63,"column":51}},"34":{"start":{"line":64,"column":2},"end":{"line":64,"column":72}},"35":{"start":{"line":64,"column":13},"end":{"line":64,"column":72}},"36":{"start":{"line":66,"column":2},"end":{"line":69,"column":5}},"37":{"start":{"line":70,"column":2},"end":{"line":70,"column":20}},"38":{"start":{"line":72,"column":2},"end":{"line":72,"column":69}},"39":{"start":{"line":76,"column":0},"end":{"line":86,"column":3}},"40":{"start":{"line":77,"column":20},"end":{"line":77,"column":53}},"41":{"start":{"line":78,"column":2},"end":{"line":78,"column":69}},"42":{"start":{"line":78,"column":13},"end":{"line":78,"column":69}},"43":{"start":{"line":80,"column":15},"end":{"line":80,"column":51}},"44":{"start":{"line":81,"column":2},"end":{"line":81,"column":72}},"45":{"start":{"line":81,"column":13},"end":{"line":81,"column":72}},"46":{"start":{"line":83,"column":2},"end":{"line":83,"column":22}},"47":{"start":{"line":85,"column":2},"end":{"line":85,"column":62}},"48":{"start":{"line":88,"column":0},"end":{"line":88,"column":24}}},"fnMap":{"0":{"name":"(anonymous_0)","decl":{"start":{"line":11,"column":37},"end":{"line":11,"column":38}},"loc":{"start":{"line":11,"column":57},"end":{"line":18,"column":1}},"line":11},"1":{"name":"(anonymous_1)","decl":{"start":{"line":21,"column":20},"end":{"line":21,"column":21}},"loc":{"start":{"line":21,"column":40},"end":{"line":29,"column":1}},"line":21},"2":{"name":"(anonymous_2)","decl":{"start":{"line":32,"column":16},"end":{"line":32,"column":17}},"loc":{"start":{"line":32,"column":36},"end":{"line":45,"column":1}},"line":32},"3":{"name":"(anonymous_3)","decl":{"start":{"line":48,"column":44},"end":{"line":48,"column":45}},"loc":{"start":{"line":48,"column":64},"end":{"line":59,"column":1}},"line":48},"4":{"name":"(anonymous_4)","decl":{"start":{"line":62,"column":41},"end":{"line":62,"column":42}},"loc":{"start":{"line":62,"column":61},"end":{"line":73,"column":1}},"line":62},"5":{"name":"(anonymous_5)","decl":{"start":{"line":76,"column":42},"end":{"line":76,"column":43}},"loc":{"start":{"line":76,"column":62},"end":{"line":86,"column":1}},"line":76}},"branchMap":{"0":{"loc":{"start":{"line":13,"column":2},"end":{"line":13,"column":69}},"type":"if","locations":[{"start":{"line":13,"column":2},"end":{"line":13,"column":69}},{"start":{},"end":{}}],"line":13},"1":{"loc":{"start":{"line":23,"column":2},"end":{"line":23,"column":69}},"type":"if","locations":[{"start":{"line":23,"column":2},"end":{"line":23,"column":69}},{"start":{},"end":{}}],"line":23},"2":{"loc":{"start":{"line":26,"column":2},"end":{"line":26,"column":72}},"type":"if","locations":[{"start":{"line":26,"column":2},"end":{"line":26,"column":72}},{"start":{},"end":{}}],"line":26},"3":{"loc":{"start":{"line":42,"column":2},"end":{"line":42,"column":79}},"type":"if","locations":[{"start":{"line":42,"column":2},"end":{"line":42,"column":79}},{"start":{},"end":{}}],"line":42},"4":{"loc":{"start":{"line":55,"column":2},"end":{"line":56,"column":69}},"type":"if","locations":[{"start":{"line":55,"column":2},"end":{"line":56,"column":69}},{"start":{},"end":{}}],"line":55},"5":{"loc":{"start":{"line":64,"column":2},"end":{"line":64,"column":72}},"type":"if","locations":[{"start":{"line":64,"column":2},"end":{"line":64,"column":72}},{"start":{},"end":{}}],"line":64},"6":{"loc":{"start":{"line":78,"column":2},"end":{"line":78,"column":69}},"type":"if","locations":[{"start":{"line":78,"column":2},"end":{"line":78,"column":69}},{"start":{},"end":{}}],"line":78},"7":{"loc":{"start":{"line":81,"column":2},"end":{"line":81,"column":72}},"type":"if","locations":[{"start":{"line":81,"column":2},"end":{"line":81,"column":72}},{"start":{},"end":{}}],"line":81}},"s":{"0":2,"1":2,"2":2,"3":2,"4":2,"5":2,"6":2,"7":2,"8":0,"9":0,"10":0,"11":0,"12":0,"13":2,"14":0,"15":0,"16":0,"17":0,"18":0,"19":0,"20":0,"21":2,"22":0,"23":0,"24":0,"25":0,"26":0,"27":2,"28":0,"29":0,"30":0,"31":0,"32":2,"33":0,"34":0,"35":0,"36":0,"37":0,"38":0,"39":2,"40":0,"41":0,"42":0,"43":0,"44":0,"45":0,"46":0,"47":0,"48":2},"f":{"0":0,"1":0,"2":0,"3":0,"4":0,"5":0},"b":{"0":[0,0],"1":[0,0],"2":[0,0],"3":[0,0],"4":[0,0],"5":[0,0],"6":[0,0],"7":[0,0]},"_coverageSchema":"1a1c01bbd47fc00a2c39e90264f33305004495a9","hash":"c336343ddcd666787df6551d2dbdaed9ae2176ac"}
,"/backend/routes/purchase/cart.js": {"path":"/backend/routes/purchase/cart.js","statementMap":{"0":{"start":{"line":1,"column":16},"end":{"line":1,"column":34}},"1":{"start":{"line":2,"column":10},"end":{"line":2,"column":27}},"2":{"start":{"line":3,"column":23},"end":{"line":3,"column":55}},"3":{"start":{"line":4,"column":13},"end":{"line":4,"column":46}},"4":{"start":{"line":5,"column":14},"end":{"line":5,"column":53}},"5":{"start":{"line":6,"column":17},"end":{"line":6,"column":59}},"6":{"start":{"line":7,"column":20},"end":{"line":7,"column":48}},"7":{"start":{"line":8,"column":21},"end":{"line":8,"column":58}},"8":{"start":{"line":13,"column":4},"end":{"line":13,"column":41}},"9":{"start":{"line":15,"column":15},"end":{"line":15,"column":31}},"10":{"start":{"line":18,"column":0},"end":{"line":29,"column":3}},"11":{"start":{"line":19,"column":20},"end":{"line":19,"column":42}},"12":{"start":{"line":20,"column":2},"end":{"line":20,"column":69}},"13":{"start":{"line":20,"column":13},"end":{"line":20,"column":69}},"14":{"start":{"line":22,"column":16},"end":{"line":22,"column":65}},"15":{"start":{"line":23,"column":2},"end":{"line":24,"column":69}},"16":{"start":{"line":24,"column":4},"end":{"line":24,"column":69}},"17":{"start":{"line":26,"column":2},"end":{"line":26,"column":34}},"18":{"start":{"line":28,"column":2},"end":{"line":28,"column":61}},"19":{"start":{"line":32,"column":0},"end":{"line":55,"column":3}},"20":{"start":{"line":33,"column":20},"end":{"line":33,"column":48}},"21":{"start":{"line":34,"column":2},"end":{"line":34,"column":69}},"22":{"start":{"line":34,"column":13},"end":{"line":34,"column":69}},"23":{"start":{"line":36,"column":15},"end":{"line":39,"column":4}},"24":{"start":{"line":41,"column":2},"end":{"line":52,"column":3}},"25":{"start":{"line":42,"column":4},"end":{"line":48,"column":7}},"26":{"start":{"line":49,"column":4},"end":{"line":49,"column":22}},"27":{"start":{"line":51,"column":4},"end":{"line":51,"column":32}},"28":{"start":{"line":54,"column":2},"end":{"line":54,"column":64}},"29":{"start":{"line":58,"column":0},"end":{"line":115,"column":3}},"30":{"start":{"line":59,"column":20},"end":{"line":59,"column":58}},"31":{"start":{"line":60,"column":2},"end":{"line":60,"column":69}},"32":{"start":{"line":60,"column":13},"end":{"line":60,"column":69}},"33":{"start":{"line":62,"column":15},"end":{"line":62,"column":61}},"34":{"start":{"line":63,"column":2},"end":{"line":63,"column":79}},"35":{"start":{"line":63,"column":20},"end":{"line":63,"column":79}},"36":{"start":{"line":65,"column":18},"end":{"line":65,"column":43}},"37":{"start":{"line":65,"column":34},"end":{"line":65,"column":42}},"38":{"start":{"line":66,"column":18},"end":{"line":66,"column":63}},"39":{"start":{"line":67,"column":2},"end":{"line":68,"column":63}},"40":{"start":{"line":68,"column":4},"end":{"line":68,"column":63}},"41":{"start":{"line":70,"column":2},"end":{"line":71,"column":79}},"42":{"start":{"line":71,"column":4},"end":{"line":71,"column":79}},"43":{"start":{"line":72,"column":15},"end":{"line":72,"column":17}},"44":{"start":{"line":74,"column":2},"end":{"line":92,"column":3}},"45":{"start":{"line":74,"column":15},"end":{"line":74,"column":16}},"46":{"start":{"line":75,"column":4},"end":{"line":91,"column":7}},"47":{"start":{"line":79,"column":23},"end":{"line":79,"column":69}},"48":{"start":{"line":93,"column":19},"end":{"line":93,"column":60}},"49":{"start":{"line":93,"column":45},"end":{"line":93,"column":56}},"50":{"start":{"line":95,"column":18},"end":{"line":95,"column":76}},"51":{"start":{"line":95,"column":36},"end":{"line":95,"column":75}},"52":{"start":{"line":96,"column":17},"end":{"line":96,"column":55}},"53":{"start":{"line":96,"column":44},"end":{"line":96,"column":51}},"54":{"start":{"line":98,"column":19},"end":{"line":98,"column":71}},"55":{"start":{"line":98,"column":45},"end":{"line":98,"column":58}},"56":{"start":{"line":99,"column":19},"end":{"line":102,"column":3}},"57":{"start":{"line":100,"column":16},"end":{"line":100,"column":66}},"58":{"start":{"line":103,"column":16},"end":{"line":103,"column":35}},"59":{"start":{"line":105,"column":2},"end":{"line":114,"column":5}},"60":{"start":{"line":111,"column":28},"end":{"line":111,"column":53}},"61":{"start":{"line":118,"column":0},"end":{"line":130,"column":3}},"62":{"start":{"line":119,"column":15},"end":{"line":119,"column":78}},"63":{"start":{"line":120,"column":2},"end":{"line":120,"column":72}},"64":{"start":{"line":120,"column":13},"end":{"line":120,"column":72}},"65":{"start":{"line":122,"column":2},"end":{"line":126,"column":5}},"66":{"start":{"line":127,"column":2},"end":{"line":127,"column":20}},"67":{"start":{"line":129,"column":2},"end":{"line":129,"column":69}},"68":{"start":{"line":133,"column":0},"end":{"line":143,"column":3}},"69":{"start":{"line":134,"column":20},"end":{"line":134,"column":53}},"70":{"start":{"line":135,"column":2},"end":{"line":135,"column":69}},"71":{"start":{"line":135,"column":13},"end":{"line":135,"column":69}},"72":{"start":{"line":137,"column":15},"end":{"line":137,"column":78}},"73":{"start":{"line":138,"column":2},"end":{"line":138,"column":72}},"74":{"start":{"line":138,"column":13},"end":{"line":138,"column":72}},"75":{"start":{"line":140,"column":2},"end":{"line":140,"column":22}},"76":{"start":{"line":142,"column":2},"end":{"line":142,"column":62}},"77":{"start":{"line":146,"column":0},"end":{"line":181,"column":3}},"78":{"start":{"line":147,"column":35},"end":{"line":147,"column":44}},"79":{"start":{"line":149,"column":16},"end":{"line":149,"column":34}},"80":{"start":{"line":150,"column":17},"end":{"line":150,"column":51}},"81":{"start":{"line":152,"column":22},"end":{"line":152,"column":67}},"82":{"start":{"line":154,"column":21},"end":{"line":156,"column":3}},"83":{"start":{"line":155,"column":38},"end":{"line":155,"column":54}},"84":{"start":{"line":157,"column":18},"end":{"line":157,"column":49}},"85":{"start":{"line":157,"column":40},"end":{"line":157,"column":48}},"86":{"start":{"line":159,"column":22},"end":{"line":161,"column":17}},"87":{"start":{"line":162,"column":2},"end":{"line":163,"column":65}},"88":{"start":{"line":163,"column":4},"end":{"line":163,"column":65}},"89":{"start":{"line":165,"column":2},"end":{"line":180,"column":5}},"90":{"start":{"line":183,"column":0},"end":{"line":183,"column":24}}},"fnMap":{"0":{"name":"(anonymous_0)","decl":{"start":{"line":18,"column":38},"end":{"line":18,"column":39}},"loc":{"start":{"line":18,"column":58},"end":{"line":29,"column":1}},"line":18},"1":{"name":"(anonymous_1)","decl":{"start":{"line":32,"column":49},"end":{"line":32,"column":50}},"loc":{"start":{"line":32,"column":69},"end":{"line":55,"column":1}},"line":32},"2":{"name":"(anonymous_2)","decl":{"start":{"line":58,"column":41},"end":{"line":58,"column":42}},"loc":{"start":{"line":58,"column":61},"end":{"line":115,"column":1}},"line":58},"3":{"name":"(anonymous_3)","decl":{"start":{"line":65,"column":27},"end":{"line":65,"column":28}},"loc":{"start":{"line":65,"column":34},"end":{"line":65,"column":42}},"line":65},"4":{"name":"(anonymous_4)","decl":{"start":{"line":79,"column":16},"end":{"line":79,"column":17}},"loc":{"start":{"line":79,"column":23},"end":{"line":79,"column":69}},"line":79},"5":{"name":"(anonymous_5)","decl":{"start":{"line":93,"column":33},"end":{"line":93,"column":34}},"loc":{"start":{"line":93,"column":45},"end":{"line":93,"column":56}},"line":93},"6":{"name":"(anonymous_6)","decl":{"start":{"line":95,"column":29},"end":{"line":95,"column":30}},"loc":{"start":{"line":95,"column":36},"end":{"line":95,"column":75}},"line":95},"7":{"name":"(anonymous_7)","decl":{"start":{"line":96,"column":32},"end":{"line":96,"column":33}},"loc":{"start":{"line":96,"column":44},"end":{"line":96,"column":51}},"line":96},"8":{"name":"(anonymous_8)","decl":{"start":{"line":98,"column":33},"end":{"line":98,"column":34}},"loc":{"start":{"line":98,"column":45},"end":{"line":98,"column":58}},"line":98},"9":{"name":"(anonymous_9)","decl":{"start":{"line":100,"column":4},"end":{"line":100,"column":5}},"loc":{"start":{"line":100,"column":16},"end":{"line":100,"column":66}},"line":100},"10":{"name":"(anonymous_10)","decl":{"start":{"line":111,"column":18},"end":{"line":111,"column":19}},"loc":{"start":{"line":111,"column":28},"end":{"line":111,"column":53}},"line":111},"11":{"name":"(anonymous_11)","decl":{"start":{"line":118,"column":42},"end":{"line":118,"column":43}},"loc":{"start":{"line":118,"column":62},"end":{"line":130,"column":1}},"line":118},"12":{"name":"(anonymous_12)","decl":{"start":{"line":133,"column":43},"end":{"line":133,"column":44}},"loc":{"start":{"line":133,"column":63},"end":{"line":143,"column":1}},"line":133},"13":{"name":"(anonymous_13)","decl":{"start":{"line":146,"column":43},"end":{"line":146,"column":44}},"loc":{"start":{"line":146,"column":63},"end":{"line":181,"column":1}},"line":146},"14":{"name":"(anonymous_14)","decl":{"start":{"line":155,"column":31},"end":{"line":155,"column":32}},"loc":{"start":{"line":155,"column":38},"end":{"line":155,"column":54}},"line":155},"15":{"name":"(anonymous_15)","decl":{"start":{"line":157,"column":33},"end":{"line":157,"column":34}},"loc":{"start":{"line":157,"column":40},"end":{"line":157,"column":48}},"line":157}},"branchMap":{"0":{"loc":{"start":{"line":20,"column":2},"end":{"line":20,"column":69}},"type":"if","locations":[{"start":{"line":20,"column":2},"end":{"line":20,"column":69}},{"start":{},"end":{}}],"line":20},"1":{"loc":{"start":{"line":23,"column":2},"end":{"line":24,"column":69}},"type":"if","locations":[{"start":{"line":23,"column":2},"end":{"line":24,"column":69}},{"start":{},"end":{}}],"line":23},"2":{"loc":{"start":{"line":34,"column":2},"end":{"line":34,"column":69}},"type":"if","locations":[{"start":{"line":34,"column":2},"end":{"line":34,"column":69}},{"start":{},"end":{}}],"line":34},"3":{"loc":{"start":{"line":41,"column":2},"end":{"line":52,"column":3}},"type":"if","locations":[{"start":{"line":41,"column":2},"end":{"line":52,"column":3}},{"start":{"line":50,"column":9},"end":{"line":52,"column":3}}],"line":41},"4":{"loc":{"start":{"line":60,"column":2},"end":{"line":60,"column":69}},"type":"if","locations":[{"start":{"line":60,"column":2},"end":{"line":60,"column":69}},{"start":{},"end":{}}],"line":60},"5":{"loc":{"start":{"line":63,"column":2},"end":{"line":63,"column":79}},"type":"if","locations":[{"start":{"line":63,"column":2},"end":{"line":63,"column":79}},{"start":{},"end":{}}],"line":63},"6":{"loc":{"start":{"line":67,"column":2},"end":{"line":68,"column":63}},"type":"if","locations":[{"start":{"line":67,"column":2},"end":{"line":68,"column":63}},{"start":{},"end":{}}],"line":67},"7":{"loc":{"start":{"line":70,"column":2},"end":{"line":71,"column":79}},"type":"if","locations":[{"start":{"line":70,"column":2},"end":{"line":71,"column":79}},{"start":{},"end":{}}],"line":70},"8":{"loc":{"start":{"line":95,"column":36},"end":{"line":95,"column":75}},"type":"binary-expr","locations":[{"start":{"line":95,"column":36},"end":{"line":95,"column":70}},{"start":{"line":95,"column":74},"end":{"line":95,"column":75}}],"line":95},"9":{"loc":{"start":{"line":120,"column":2},"end":{"line":120,"column":72}},"type":"if","locations":[{"start":{"line":120,"column":2},"end":{"line":120,"column":72}},{"start":{},"end":{}}],"line":120},"10":{"loc":{"start":{"line":135,"column":2},"end":{"line":135,"column":69}},"type":"if","locations":[{"start":{"line":135,"column":2},"end":{"line":135,"column":69}},{"start":{},"end":{}}],"line":135},"11":{"loc":{"start":{"line":138,"column":2},"end":{"line":138,"column":72}},"type":"if","locations":[{"start":{"line":138,"column":2},"end":{"line":138,"column":72}},{"start":{},"end":{}}],"line":138},"12":{"loc":{"start":{"line":162,"column":2},"end":{"line":163,"column":65}},"type":"if","locations":[{"start":{"line":162,"column":2},"end":{"line":163,"column":65}},{"start":{},"end":{}}],"line":162}},"s":{"0":2,"1":2,"2":2,"3":2,"4":2,"5":2,"6":2,"7":2,"8":2,"9":2,"10":2,"11":0,"12":0,"13":0,"14":0,"15":0,"16":0,"17":0,"18":0,"19":2,"20":0,"21":0,"22":0,"23":0,"24":0,"25":0,"26":0,"27":0,"28":0,"29":2,"30":0,"31":0,"32":0,"33":0,"34":0,"35":0,"36":0,"37":0,"38":0,"39":0,"40":0,"41":0,"42":0,"43":0,"44":0,"45":0,"46":0,"47":0,"48":0,"49":0,"50":0,"51":0,"52":0,"53":0,"54":0,"55":0,"56":0,"57":0,"58":0,"59":0,"60":0,"61":2,"62":0,"63":0,"64":0,"65":0,"66":0,"67":0,"68":2,"69":0,"70":0,"71":0,"72":0,"73":0,"74":0,"75":0,"76":0,"77":2,"78":0,"79":0,"80":0,"81":0,"82":0,"83":0,"84":0,"85":0,"86":0,"87":0,"88":0,"89":0,"90":2},"f":{"0":0,"1":0,"2":0,"3":0,"4":0,"5":0,"6":0,"7":0,"8":0,"9":0,"10":0,"11":0,"12":0,"13":0,"14":0,"15":0},"b":{"0":[0,0],"1":[0,0],"2":[0,0],"3":[0,0],"4":[0,0],"5":[0,0],"6":[0,0],"7":[0,0],"8":[0,0],"9":[0,0],"10":[0,0],"11":[0,0],"12":[0,0]},"_coverageSchema":"1a1c01bbd47fc00a2c39e90264f33305004495a9","hash":"141f0f7d03354a884c25dc4ee37b891b4c718614"}
,"/backend/routes/purchase/dine.js": {"path":"/backend/routes/purchase/dine.js","statementMap":{"0":{"start":{"line":1,"column":16},"end":{"line":1,"column":34}},"1":{"start":{"line":2,"column":10},"end":{"line":2,"column":27}},"2":{"start":{"line":3,"column":23},"end":{"line":3,"column":55}},"3":{"start":{"line":4,"column":13},"end":{"line":4,"column":46}},"4":{"start":{"line":5,"column":16},"end":{"line":5,"column":57}},"5":{"start":{"line":6,"column":17},"end":{"line":6,"column":59}},"6":{"start":{"line":7,"column":31},"end":{"line":7,"column":68}},"7":{"start":{"line":9,"column":15},"end":{"line":9,"column":31}},"8":{"start":{"line":12,"column":0},"end":{"line":19,"column":3}},"9":{"start":{"line":13,"column":20},"end":{"line":13,"column":42}},"10":{"start":{"line":14,"column":2},"end":{"line":14,"column":69}},"11":{"start":{"line":14,"column":13},"end":{"line":14,"column":69}},"12":{"start":{"line":16,"column":2},"end":{"line":16,"column":30}},"13":{"start":{"line":18,"column":2},"end":{"line":18,"column":62}},"14":{"start":{"line":22,"column":0},"end":{"line":39,"column":3}},"15":{"start":{"line":23,"column":35},"end":{"line":23,"column":44}},"16":{"start":{"line":25,"column":16},"end":{"line":25,"column":34}},"17":{"start":{"line":26,"column":17},"end":{"line":26,"column":51}},"18":{"start":{"line":28,"column":16},"end":{"line":31,"column":32}},"19":{"start":{"line":33,"column":2},"end":{"line":34,"column":63}},"20":{"start":{"line":34,"column":4},"end":{"line":34,"column":63}},"21":{"start":{"line":36,"column":2},"end":{"line":38,"column":5}},"22":{"start":{"line":42,"column":0},"end":{"line":53,"column":3}},"23":{"start":{"line":43,"column":15},"end":{"line":43,"column":48}},"24":{"start":{"line":44,"column":2},"end":{"line":44,"column":72}},"25":{"start":{"line":44,"column":13},"end":{"line":44,"column":72}},"26":{"start":{"line":46,"column":2},"end":{"line":49,"column":5}},"27":{"start":{"line":50,"column":2},"end":{"line":50,"column":20}},"28":{"start":{"line":52,"column":2},"end":{"line":52,"column":69}},"29":{"start":{"line":56,"column":0},"end":{"line":64,"column":3}},"30":{"start":{"line":57,"column":15},"end":{"line":57,"column":48}},"31":{"start":{"line":58,"column":2},"end":{"line":58,"column":72}},"32":{"start":{"line":58,"column":13},"end":{"line":58,"column":72}},"33":{"start":{"line":60,"column":2},"end":{"line":60,"column":50}},"34":{"start":{"line":61,"column":2},"end":{"line":61,"column":20}},"35":{"start":{"line":63,"column":2},"end":{"line":63,"column":69}},"36":{"start":{"line":67,"column":0},"end":{"line":77,"column":3}},"37":{"start":{"line":68,"column":20},"end":{"line":68,"column":53}},"38":{"start":{"line":69,"column":2},"end":{"line":69,"column":69}},"39":{"start":{"line":69,"column":13},"end":{"line":69,"column":69}},"40":{"start":{"line":71,"column":15},"end":{"line":71,"column":48}},"41":{"start":{"line":72,"column":2},"end":{"line":72,"column":72}},"42":{"start":{"line":72,"column":13},"end":{"line":72,"column":72}},"43":{"start":{"line":74,"column":2},"end":{"line":74,"column":22}},"44":{"start":{"line":76,"column":2},"end":{"line":76,"column":62}},"45":{"start":{"line":79,"column":0},"end":{"line":79,"column":24}}},"fnMap":{"0":{"name":"(anonymous_0)","decl":{"start":{"line":12,"column":37},"end":{"line":12,"column":38}},"loc":{"start":{"line":12,"column":57},"end":{"line":19,"column":1}},"line":12},"1":{"name":"(anonymous_1)","decl":{"start":{"line":22,"column":16},"end":{"line":22,"column":17}},"loc":{"start":{"line":22,"column":36},"end":{"line":39,"column":1}},"line":22},"2":{"name":"(anonymous_2)","decl":{"start":{"line":42,"column":41},"end":{"line":42,"column":42}},"loc":{"start":{"line":42,"column":61},"end":{"line":53,"column":1}},"line":42},"3":{"name":"(anonymous_3)","decl":{"start":{"line":56,"column":44},"end":{"line":56,"column":45}},"loc":{"start":{"line":56,"column":64},"end":{"line":64,"column":1}},"line":56},"4":{"name":"(anonymous_4)","decl":{"start":{"line":67,"column":42},"end":{"line":67,"column":43}},"loc":{"start":{"line":67,"column":62},"end":{"line":77,"column":1}},"line":67}},"branchMap":{"0":{"loc":{"start":{"line":14,"column":2},"end":{"line":14,"column":69}},"type":"if","locations":[{"start":{"line":14,"column":2},"end":{"line":14,"column":69}},{"start":{},"end":{}}],"line":14},"1":{"loc":{"start":{"line":33,"column":2},"end":{"line":34,"column":63}},"type":"if","locations":[{"start":{"line":33,"column":2},"end":{"line":34,"column":63}},{"start":{},"end":{}}],"line":33},"2":{"loc":{"start":{"line":44,"column":2},"end":{"line":44,"column":72}},"type":"if","locations":[{"start":{"line":44,"column":2},"end":{"line":44,"column":72}},{"start":{},"end":{}}],"line":44},"3":{"loc":{"start":{"line":58,"column":2},"end":{"line":58,"column":72}},"type":"if","locations":[{"start":{"line":58,"column":2},"end":{"line":58,"column":72}},{"start":{},"end":{}}],"line":58},"4":{"loc":{"start":{"line":69,"column":2},"end":{"line":69,"column":69}},"type":"if","locations":[{"start":{"line":69,"column":2},"end":{"line":69,"column":69}},{"start":{},"end":{}}],"line":69},"5":{"loc":{"start":{"line":72,"column":2},"end":{"line":72,"column":72}},"type":"if","locations":[{"start":{"line":72,"column":2},"end":{"line":72,"column":72}},{"start":{},"end":{}}],"line":72}},"s":{"0":2,"1":2,"2":2,"3":2,"4":2,"5":2,"6":2,"7":2,"8":2,"9":0,"10":0,"11":0,"12":0,"13":0,"14":2,"15":0,"16":0,"17":0,"18":0,"19":0,"20":0,"21":0,"22":2,"23":0,"24":0,"25":0,"26":0,"27":0,"28":0,"29":2,"30":0,"31":0,"32":0,"33":0,"34":0,"35":0,"36":2,"37":0,"38":0,"39":0,"40":0,"41":0,"42":0,"43":0,"44":0,"45":2},"f":{"0":0,"1":0,"2":0,"3":0,"4":0},"b":{"0":[0,0],"1":[0,0],"2":[0,0],"3":[0,0],"4":[0,0],"5":[0,0]},"_coverageSchema":"1a1c01bbd47fc00a2c39e90264f33305004495a9","hash":"d1067b5fbf4bc79b9fa30e623fb49abcf16e705a"}
[...]
,"/backend/routes/user/consumer.js": {"path":"/backend/routes/user/consumer.js","statementMap":{"0":{"start":{"line":1,"column":16},"end":{"line":1,"column":34}},"1":{"start":{"line":2,"column":10},"end":{"line":2,"column":27}},"2":{"start":{"line":3,"column":15},"end":{"line":3,"column":32}},"3":{"start":{"line":9,"column":4},"end":{"line":9,"column":41}},"4":{"start":{"line":11,"column":20},"end":{"line":11,"column":55}},"5":{"start":{"line":12,"column":21},"end":{"line":12,"column":57}},"6":{"start":{"line":13,"column":23},"end":{"line":13,"column":55}},"7":{"start":{"line":15,"column":13},"end":{"line":15,"column":46}},"8":{"start":{"line":16,"column":14},"end":{"line":16,"column":53}},"9":{"start":{"line":17,"column":17},"end":{"line":17,"column":59}},"10":{"start":{"line":19,"column":15},"end":{"line":19,"column":31}},"11":{"start":{"line":22,"column":0},"end":{"line":46,"column":3}},"12":{"start":{"line":23,"column":20},"end":{"line":23,"column":46}},"13":{"start":{"line":24,"column":2},"end":{"line":24,"column":69}},"14":{"start":{"line":24,"column":13},"end":{"line":24,"column":69}},"15":{"start":{"line":26,"column":30},"end":{"line":26,"column":38}},"16":{"start":{"line":28,"column":17},"end":{"line":28,"column":50}},"17":{"start":{"line":29,"column":2},"end":{"line":30,"column":73}},"18":{"start":{"line":30,"column":4},"end":{"line":30,"column":73}},"19":{"start":{"line":32,"column":2},"end":{"line":41,"column":4}},"20":{"start":{"line":42,"column":2},"end":{"line":42,"column":51}},"21":{"start":{"line":43,"column":2},"end":{"line":43,"column":24}},"22":{"start":{"line":45,"column":2},"end":{"line":45,"column":66}},"23":{"start":{"line":49,"column":0},"end":{"line":70,"column":3}},"24":{"start":{"line":50,"column":20},"end":{"line":50,"column":51}},"25":{"start":{"line":51,"column":2},"end":{"line":51,"column":69}},"26":{"start":{"line":51,"column":13},"end":{"line":51,"column":69}},"27":{"start":{"line":53,"column":30},"end":{"line":53,"column":38}},"28":{"start":{"line":55,"column":19},"end":{"line":55,"column":52}},"29":{"start":{"line":56,"column":2},"end":{"line":59,"column":61}},"30":{"start":{"line":57,"column":4},"end":{"line":59,"column":61}},"31":{"start":{"line":61,"column":24},"end":{"line":61,"column":73}},"32":{"start":{"line":62,"column":2},"end":{"line":65,"column":61}},"33":{"start":{"line":63,"column":4},"end":{"line":65,"column":61}},"34":{"start":{"line":67,"column":16},"end":{"line":67,"column":62}},"35":{"start":{"line":69,"column":2},"end":{"line":69,"column":40}},"36":{"start":{"line":73,"column":0},"end":{"line":101,"column":3}},"37":{"start":{"line":74,"column":20},"end":{"line":74,"column":48}},"38":{"start":{"line":75,"column":2},"end":{"line":75,"column":69}},"39":{"start":{"line":75,"column":13},"end":{"line":75,"column":69}},"40":{"start":{"line":77,"column":44},"end":{"line":77,"column":52}},"41":{"start":{"line":79,"column":19},"end":{"line":79,"column":47}},"42":{"start":{"line":80,"column":2},"end":{"line":80,"column":76}},"43":{"start":{"line":80,"column":17},"end":{"line":80,"column":76}},"44":{"start":{"line":82,"column":2},"end":{"line":100,"column":3}},"45":{"start":{"line":83,"column":30},"end":{"line":83,"column":61}},"46":{"start":{"line":85,"column":4},"end":{"line":85,"column":73}},"47":{"start":{"line":86,"column":4},"end":{"line":86,"column":26}},"48":{"start":{"line":88,"column":4},"end":{"line":88,"column":75}},"49":{"start":{"line":90,"column":26},"end":{"line":90,"column":78}},"50":{"start":{"line":91,"column":4},"end":{"line":92,"column":71}},"51":{"start":{"line":92,"column":6},"end":{"line":92,"column":71}},"52":{"start":{"line":94,"column":30},"end":{"line":94,"column":61}},"53":{"start":{"line":96,"column":4},"end":{"line":96,"column":73}},"54":{"start":{"line":97,"column":4},"end":{"line":97,"column":26}},"55":{"start":{"line":99,"column":4},"end":{"line":99,"column":68}},"56":{"start":{"line":104,"column":0},"end":{"line":113,"column":3}},"57":{"start":{"line":105,"column":20},"end":{"line":105,"column":55}},"58":{"start":{"line":106,"column":2},"end":{"line":106,"column":69}},"59":{"start":{"line":106,"column":13},"end":{"line":106,"column":69}},"60":{"start":{"line":108,"column":19},"end":{"line":108,"column":58}},"61":{"start":{"line":110,"column":2},"end":{"line":110,"column":76}},"62":{"start":{"line":110,"column":17},"end":{"line":110,"column":76}},"63":{"start":{"line":112,"column":2},"end":{"line":112,"column":78}},"64":{"start":{"line":116,"column":0},"end":{"line":145,"column":3}},"65":{"start":{"line":117,"column":19},"end":{"line":117,"column":56}},"66":{"start":{"line":118,"column":2},"end":{"line":118,"column":76}},"67":{"start":{"line":118,"column":17},"end":{"line":118,"column":76}},"68":{"start":{"line":120,"column":2},"end":{"line":144,"column":3}},"69":{"start":{"line":121,"column":4},"end":{"line":124,"column":7}},"70":{"start":{"line":125,"column":4},"end":{"line":125,"column":26}},"71":{"start":{"line":127,"column":4},"end":{"line":127,"column":73}},"72":{"start":{"line":129,"column":27},"end":{"line":129,"column":64}},"73":{"start":{"line":131,"column":4},"end":{"line":140,"column":7}},"74":{"start":{"line":141,"column":4},"end":{"line":141,"column":32}},"75":{"start":{"line":143,"column":4},"end":{"line":143,"column":66}},"76":{"start":{"line":150,"column":0},"end":{"line":157,"column":3}},"77":{"start":{"line":151,"column":19},"end":{"line":151,"column":56}},"78":{"start":{"line":152,"column":2},"end":{"line":152,"column":76}},"79":{"start":{"line":152,"column":17},"end":{"line":152,"column":76}},"80":{"start":{"line":154,"column":2},"end":{"line":154,"column":26}},"81":{"start":{"line":156,"column":2},"end":{"line":156,"column":62}},"82":{"start":{"line":160,"column":0},"end":{"line":190,"column":3}},"83":{"start":{"line":161,"column":35},"end":{"line":161,"column":44}},"84":{"start":{"line":163,"column":16},"end":{"line":163,"column":34}},"85":{"start":{"line":164,"column":17},"end":{"line":164,"column":51}},"86":{"start":{"line":166,"column":16},"end":{"line":169,"column":32}},"87":{"start":{"line":171,"column":2},"end":{"line":172,"column":63}},"88":{"start":{"line":172,"column":4},"end":{"line":172,"column":63}},"89":{"start":{"line":174,"column":2},"end":{"line":189,"column":5}},"90":{"start":{"line":193,"column":0},"end":{"line":207,"column":3}},"91":{"start":{"line":194,"column":26},"end":{"line":194,"column":35}},"92":{"start":{"line":196,"column":16},"end":{"line":201,"column":32}},"93":{"start":{"line":203,"column":2},"end":{"line":204,"column":64}},"94":{"start":{"line":204,"column":4},"end":{"line":204,"column":64}},"95":{"start":{"line":206,"column":2},"end":{"line":206,"column":41}},"96":{"start":{"line":209,"column":0},"end":{"line":209,"column":24}}},"fnMap":{"0":{"name":"(anonymous_0)","decl":{"start":{"line":22,"column":25},"end":{"line":22,"column":26}},"loc":{"start":{"line":22,"column":45},"end":{"line":46,"column":1}},"line":22},"1":{"name":"(anonymous_1)","decl":{"start":{"line":49,"column":22},"end":{"line":49,"column":23}},"loc":{"start":{"line":49,"column":42},"end":{"line":70,"column":1}},"line":49},"2":{"name":"(anonymous_2)","decl":{"start":{"line":73,"column":46},"end":{"line":73,"column":47}},"loc":{"start":{"line":73,"column":66},"end":{"line":101,"column":1}},"line":73},"3":{"name":"(anonymous_3)","decl":{"start":{"line":104,"column":38},"end":{"line":104,"column":39}},"loc":{"start":{"line":104,"column":58},"end":{"line":113,"column":1}},"line":104},"4":{"name":"(anonymous_4)","decl":{"start":{"line":116,"column":42},"end":{"line":116,"column":43}},"loc":{"start":{"line":116,"column":62},"end":{"line":145,"column":1}},"line":116},"5":{"name":"(anonymous_5)","decl":{"start":{"line":150,"column":40},"end":{"line":150,"column":41}},"loc":{"start":{"line":150,"column":60},"end":{"line":157,"column":1}},"line":150},"6":{"name":"(anonymous_6)","decl":{"start":{"line":160,"column":31},"end":{"line":160,"column":32}},"loc":{"start":{"line":160,"column":51},"end":{"line":190,"column":1}},"line":160},"7":{"name":"(anonymous_7)","decl":{"start":{"line":193,"column":43},"end":{"line":193,"column":44}},"loc":{"start":{"line":193,"column":63},"end":{"line":207,"column":1}},"line":193}},"branchMap":{"0":{"loc":{"start":{"line":24,"column":2},"end":{"line":24,"column":69}},"type":"if","locations":[{"start":{"line":24,"column":2},"end":{"line":24,"column":69}},{"start":{},"end":{}}],"line":24},"1":{"loc":{"start":{"line":29,"column":2},"end":{"line":30,"column":73}},"type":"if","locations":[{"start":{"line":29,"column":2},"end":{"line":30,"column":73}},{"start":{},"end":{}}],"line":29},"2":{"loc":{"start":{"line":51,"column":2},"end":{"line":51,"column":69}},"type":"if","locations":[{"start":{"line":51,"column":2},"end":{"line":51,"column":69}},{"start":{},"end":{}}],"line":51},"3":{"loc":{"start":{"line":56,"column":2},"end":{"line":59,"column":61}},"type":"if","locations":[{"start":{"line":56,"column":2},"end":{"line":59,"column":61}},{"start":{},"end":{}}],"line":56},"4":{"loc":{"start":{"line":62,"column":2},"end":{"line":65,"column":61}},"type":"if","locations":[{"start":{"line":62,"column":2},"end":{"line":65,"column":61}},{"start":{},"end":{}}],"line":62},"5":{"loc":{"start":{"line":75,"column":2},"end":{"line":75,"column":69}},"type":"if","locations":[{"start":{"line":75,"column":2},"end":{"line":75,"column":69}},{"start":{},"end":{}}],"line":75},"6":{"loc":{"start":{"line":80,"column":2},"end":{"line":80,"column":76}},"type":"if","locations":[{"start":{"line":80,"column":2},"end":{"line":80,"column":76}},{"start":{},"end":{}}],"line":80},"7":{"loc":{"start":{"line":82,"column":2},"end":{"line":100,"column":3}},"type":"if","locations":[{"start":{"line":82,"column":2},"end":{"line":100,"column":3}},{"start":{"line":89,"column":9},"end":{"line":100,"column":3}}],"line":82},"8":{"loc":{"start":{"line":91,"column":4},"end":{"line":92,"column":71}},"type":"if","locations":[{"start":{"line":91,"column":4},"end":{"line":92,"column":71}},{"start":{},"end":{}}],"line":91},"9":{"loc":{"start":{"line":106,"column":2},"end":{"line":106,"column":69}},"type":"if","locations":[{"start":{"line":106,"column":2},"end":{"line":106,"column":69}},{"start":{},"end":{}}],"line":106},"10":{"loc":{"start":{"line":110,"column":2},"end":{"line":110,"column":76}},"type":"if","locations":[{"start":{"line":110,"column":2},"end":{"line":110,"column":76}},{"start":{},"end":{}}],"line":110},"11":{"loc":{"start":{"line":118,"column":2},"end":{"line":118,"column":76}},"type":"if","locations":[{"start":{"line":118,"column":2},"end":{"line":118,"column":76}},{"start":{},"end":{}}],"line":118},"12":{"loc":{"start":{"line":120,"column":2},"end":{"line":144,"column":3}},"type":"if","locations":[{"start":{"line":120,"column":2},"end":{"line":144,"column":3}},{"start":{"line":128,"column":9},"end":{"line":144,"column":3}}],"line":120},"13":{"loc":{"start":{"line":152,"column":2},"end":{"line":152,"column":76}},"type":"if","locations":[{"start":{"line":152,"column":2},"end":{"line":152,"column":76}},{"start":{},"end":{}}],"line":152},"14":{"loc":{"start":{"line":171,"column":2},"end":{"line":172,"column":63}},"type":"if","locations":[{"start":{"line":171,"column":2},"end":{"line":172,"column":63}},{"start":{},"end":{}}],"line":171},"15":{"loc":{"start":{"line":198,"column":24},"end":{"line":198,"column":48}},"type":"binary-expr","locations":[{"start":{"line":198,"column":24},"end":{"line":198,"column":28}},{"start":{"line":198,"column":32},"end":{"line":198,"column":48}}],"line":198},"16":{"loc":{"start":{"line":203,"column":2},"end":{"line":204,"column":64}},"type":"if","locations":[{"start":{"line":203,"column":2},"end":{"line":204,"column":64}},{"start":{},"end":{}}],"line":203}},"s":{"0":2,"1":2,"2":2,"3":2,"4":2,"5":2,"6":2,"7":2,"8":2,"9":2,"10":2,"11":2,"12":0,"13":0,"14":0,"15":0,"16":0,"17":0,"18":0,"19":0,"20":0,"21":0,"22":0,"23":2,"24":0,"25":0,"26":0,"27":0,"28":0,"29":0,"30":0,"31":0,"32":0,"33":0,"34":0,"35":0,"36":2,"37":0,"38":0,"39":0,"40":0,"41":0,"42":0,"43":0,"44":0,"45":0,"46":0,"47":0,"48":0,"49":0,"50":0,"51":0,"52":0,"53":0,"54":0,"55":0,"56":2,"57":0,"58":0,"59":0,"60":0,"61":0,"62":0,"63":0,"64":2,"65":0,"66":0,"67":0,"68":0,"69":0,"70":0,"71":0,"72":0,"73":0,"74":0,"75":0,"76":2,"77":0,"78":0,"79":0,"80":0,"81":0,"82":2,"83":0,"84":0,"85":0,"86":0,"87":0,"88":0,"89":0,"90":2,"91":0,"92":0,"93":0,"94":0,"95":0,"96":2},"f":{"0":0,"1":0,"2":0,"3":0,"4":0,"5":0,"6":0,"7":0},"b":{"0":[0,0],"1":[0,0],"2":[0,0],"3":[0,0],"4":[0,0],"5":[0,0],"6":[0,0],"7":[0,0],"8":[0,0],"9":[0,0],"10":[0,0],"11":[0,0],"12":[0,0],"13":[0,0],"14":[0,0],"15":[0,0],"16":[0,0]},"_coverageSchema":"1a1c01bbd47fc00a2c39e90264f33305004495a9","hash":"ad017741598aae6f4b3c630fe52ef54aec5a83d8"}
,"/backend/startup/config.js": {"path":"/backend/startup/config.js","statementMap":{"0":{"start":{"line":1,"column":15},"end":{"line":1,"column":32}},"1":{"start":{"line":3,"column":0},"end":{"line":12,"column":2}},"2":{"start":{"line":4,"column":2},"end":{"line":11,"column":3}},"3":{"start":{"line":10,"column":4},"end":{"line":10,"column":58}}},"fnMap":{"0":{"name":"(anonymous_0)","decl":{"start":{"line":3,"column":17},"end":{"line":3,"column":18}},"loc":{"start":{"line":3,"column":29},"end":{"line":12,"column":1}},"line":3}},"branchMap":{"0":{"loc":{"start":{"line":4,"column":2},"end":{"line":11,"column":3}},"type":"if","locations":[{"start":{"line":4,"column":2},"end":{"line":11,"column":3}},{"start":{},"end":{}}],"line":4},"1":{"loc":{"start":{"line":5,"column":4},"end":{"line":8,"column":26}},"type":"binary-expr","locations":[{"start":{"line":5,"column":4},"end":{"line":5,"column":32}},{"start":{"line":6,"column":4},"end":{"line":6,"column":26}},{"start":{"line":7,"column":4},"end":{"line":7,"column":26}},{"start":{"line":8,"column":4},"end":{"line":8,"column":26}}],"line":5}},"s":{"0":2,"1":2,"2":2,"3":0},"f":{"0":2},"b":{"0":[0,2],"1":[2,2,2,2]},"_coverageSchema":"1a1c01bbd47fc00a2c39e90264f33305004495a9","hash":"0880cb8651585e2eed2639e7c071a617c7a964ad"}
,"/backend/startup/logger.js": {"path":"/backend/startup/logger.js","statementMap":{"0":{"start":{"line":1,"column":0},"end":{"line":5,"column":2}},"1":{"start":{"line":2,"column":2},"end":{"line":4,"column":5}},"2":{"start":{"line":3,"column":4},"end":{"line":3,"column":13}}},"fnMap":{"0":{"name":"(anonymous_0)","decl":{"start":{"line":1,"column":17},"end":{"line":1,"column":18}},"loc":{"start":{"line":1,"column":29},"end":{"line":5,"column":1}},"line":1},"1":{"name":"(anonymous_1)","decl":{"start":{"line":2,"column":35},"end":{"line":2,"column":36}},"loc":{"start":{"line":2,"column":43},"end":{"line":4,"column":3}},"line":2}},"branchMap":{},"s":{"0":2,"1":2,"2":0},"f":{"0":2,"1":0},"b":{},"_coverageSchema":"1a1c01bbd47fc00a2c39e90264f33305004495a9","hash":"095eaa7e2e7afe0903cde5a8e9d5825610d09260"}
,"/backend/startup/routes.js": {"path":"/backend/startup/routes.js","statementMap":{"0":{"start":{"line":1,"column":16},"end":{"line":1,"column":34}},"1":{"start":{"line":2,"column":15},"end":{"line":2,"column":32}},"2":{"start":{"line":3,"column":13},"end":{"line":3,"column":28}},"3":{"start":{"line":5,"column":13},"end":{"line":5,"column":45}},"4":{"start":{"line":6,"column":17},"end":{"line":6,"column":51}},"5":{"start":{"line":7,"column":24},"end":{"line":7,"column":65}},"6":{"start":{"line":8,"column":16},"end":{"line":8,"column":41}},"7":{"start":{"line":9,"column":14},"end":{"line":9,"column":45}},"8":{"start":{"line":10,"column":13},"end":{"line":10,"column":47}},"9":{"start":{"line":11,"column":16},"end":{"line":11,"column":53}},"10":{"start":{"line":12,"column":13},"end":{"line":12,"column":47}},"11":{"start":{"line":13,"column":13},"end":{"line":13,"column":49}},"12":{"start":{"line":14,"column":12},"end":{"line":14,"column":47}},"13":{"start":{"line":15,"column":23},"end":{"line":15,"column":72}},"14":{"start":{"line":17,"column":14},"end":{"line":17,"column":45}},"15":{"start":{"line":19,"column":0},"end":{"line":37,"column":2}},"16":{"start":{"line":20,"column":2},"end":{"line":20,"column":18}},"17":{"start":{"line":21,"column":2},"end":{"line":21,"column":26}},"18":{"start":{"line":22,"column":2},"end":{"line":22,"column":20}},"19":{"start":{"line":23,"column":2},"end":{"line":23,"column":25}},"20":{"start":{"line":24,"column":2},"end":{"line":24,"column":33}},"21":{"start":{"line":25,"column":2},"end":{"line":25,"column":34}},"22":{"start":{"line":26,"column":2},"end":{"line":26,"column":31}},"23":{"start":{"line":27,"column":2},"end":{"line":27,"column":27}},"24":{"start":{"line":28,"column":2},"end":{"line":28,"column":25}},"25":{"start":{"line":29,"column":2},"end":{"line":29,"column":31}},"26":{"start":{"line":30,"column":2},"end":{"line":30,"column":25}},"27":{"start":{"line":31,"column":2},"end":{"line":31,"column":25}},"28":{"start":{"line":32,"column":2},"end":{"line":32,"column":23}},"29":{"start":{"line":33,"column":2},"end":{"line":33,"column":45}},"30":{"start":{"line":36,"column":2},"end":{"line":36,"column":17}}},"fnMap":{"0":{"name":"(anonymous_0)","decl":{"start":{"line":19,"column":17},"end":{"line":19,"column":18}},"loc":{"start":{"line":19,"column":32},"end":{"line":37,"column":1}},"line":19}},"branchMap":{},"s":{"0":2,"1":2,"2":2,"3":2,"4":2,"5":2,"6":2,"7":2,"8":2,"9":2,"10":2,"11":2,"12":2,"13":2,"14":2,"15":2,"16":2,"17":2,"18":2,"19":2,"20":2,"21":2,"22":2,"23":2,"24":2,"25":2,"26":2,"27":2,"28":2,"29":2,"30":2},"f":{"0":2},"b":{},"_coverageSchema":"1a1c01bbd47fc00a2c39e90264f33305004495a9","hash":"164b9e15f9ba911d9719e5b71d11af50a42a07cc"}
,"/backend/startup/validation.js": {"path":"/backend/startup/validation.js","statementMap":{"0":{"start":{"line":1,"column":12},"end":{"line":1,"column":26}},"1":{"start":{"line":3,"column":0},"end":{"line":5,"column":2}},"2":{"start":{"line":4,"column":2},"end":{"line":4,"column":46}}},"fnMap":{"0":{"name":"(anonymous_0)","decl":{"start":{"line":3,"column":17},"end":{"line":3,"column":18}},"loc":{"start":{"line":3,"column":29},"end":{"line":5,"column":1}},"line":3}},"branchMap":{},"s":{"0":2,"1":2,"2":2},"f":{"0":2},"b":{},"_coverageSchema":"1a1c01bbd47fc00a2c39e90264f33305004495a9","hash":"616f9daa5d6588f3673c3148233287b7fe36d5fc"}
}
