TN:
SF:indexTest.js
FN:24,(anonymous_0)
FN:25,(anonymous_1)
FNF:2
FNH:1
FNDA:2,(anonymous_0)
FNDA:0,(anonymous_1)
DA:1,2
DA:2,2
DA:3,2
DA:4,2
DA:5,2
DA:7,2
DA:8,2
DA:10,2
DA:11,2
DA:12,2
DA:13,2
DA:15,2
DA:16,2
DA:22,2
DA:24,2
DA:25,0
DA:27,2
LF:17
LH:16
BRDA:15,0,0,2
BRDA:15,0,1,0
BRF:2
BRH:1
end_of_record
TN:
SF:__test__/testUtils.js
FNF:0
FNH:0
DA:2,1
DA:5,1
DA:8,1
DA:10,1
LF:4
LH:4
BRF:0
BRH:0
end_of_record
TN:
SF:helper/generateHash.js
FN:3,(anonymous_0)
FNF:1
FNH:1
FNDA:3,(anonymous_0)
DA:1,3
DA:3,3
DA:4,3
DA:5,3
DA:8,3
LF:5
LH:5
BRF:0
BRH:0
end_of_record
TN:
SF:helper/generateJwt.js
FN:4,(anonymous_0)
FNF:1
FNH:1
FNDA:2,(anonymous_0)
DA:1,3
DA:2,3
DA:4,3
DA:6,3
LF:4
LH:4
BRF:0
BRH:0
end_of_record
TN:
SF:helper/validate.js
FN:3,(anonymous_0)
FNF:1
FNH:1
FNDA:1,(anonymous_0)
DA:1,2
DA:3,2
DA:4,1
DA:7,1
DA:10,2
LF:5
LH:5
BRF:0
BRH:0
end_of_record
TN:
SF:logger/development.js
FN:4,(anonymous_0)
FN:5,(anonymous_1)
FNF:2
FNH:2
FNDA:2,(anonymous_0)
FNDA:2,(anonymous_1)
DA:1,2
DA:2,2
DA:4,2
DA:5,2
DA:6,2
DA:9,2
DA:32,2
LF:7
LH:7
BRF:0
BRH:0
end_of_record
TN:
SF:logger/index.js
FNF:0
FNH:0
DA:1,2
DA:2,2
DA:4,2
DA:6,2
DA:7,2
DA:10,2
DA:11,0
DA:14,2
LF:8
LH:7
BRDA:6,0,0,2
BRDA:6,0,1,0
BRDA:6,1,0,2
BRDA:6,1,1,0
BRDA:10,2,0,0
BRDA:10,2,1,2
BRF:6
BRH:3
end_of_record
TN:
SF:logger/production.js
FN:4,(anonymous_0)
FNF:1
FNH:0
FNDA:0,(anonymous_0)
DA:1,2
DA:2,2
DA:4,2
DA:5,0
DA:22,2
LF:5
LH:4
BRF:0
BRH:0
end_of_record
TN:
SF:middlewares/error.js
FN:3,(anonymous_0)
FNF:1
FNH:0
FNDA:0,(anonymous_0)
DA:1,2
DA:3,2
DA:4,0
DA:6,0
DA:11,2
LF:5
LH:3
BRF:0
BRH:0
end_of_record
TN:
SF:middlewares/auth/admin.js
FN:1,(anonymous_0)
FNF:1
FNH:1
FNDA:3,(anonymous_0)
DA:1,2
DA:2,3
DA:3,3
DA:4,1
DA:6,2
DA:8,2
LF:6
LH:6
BRDA:3,0,0,1
BRDA:3,0,1,2
BRF:2
BRH:2
end_of_record
TN:
SF:middlewares/auth/consumer.js
FN:1,(anonymous_0)
FNF:1
FNH:0
FNDA:0,(anonymous_0)
DA:1,2
DA:2,0
DA:4,0
DA:5,0
DA:7,0
DA:9,2
LF:6
LH:2
BRDA:4,0,0,0
BRDA:4,0,1,0
BRDA:4,1,0,0
BRDA:4,1,1,0
BRF:4
BRH:0
end_of_record
TN:
SF:middlewares/auth/index.js
FN:4,(anonymous_0)
FNF:1
FNH:1
FNDA:5,(anonymous_0)
DA:1,2
DA:2,2
DA:4,2
DA:5,5
DA:6,5
DA:7,0
DA:11,5
DA:12,5
DA:13,5
DA:14,5
DA:16,0
DA:19,2
LF:12
LH:10
BRDA:6,0,0,0
BRDA:6,0,1,5
BRF:2
BRH:1
end_of_record
TN:
SF:middlewares/auth/manager.js
FN:1,(anonymous_0)
FNF:1
FNH:1
FNDA:2,(anonymous_0)
DA:1,2
DA:2,2
DA:4,2
DA:5,0
DA:7,2
DA:9,2
LF:6
LH:5
BRDA:4,0,0,0
BRDA:4,0,1,2
BRDA:4,1,0,2
BRDA:4,1,1,0
BRF:4
BRH:2
end_of_record
TN:
SF:models/boilerplate.js
FN:21,(anonymous_0)
FNF:1
FNH:0
FNDA:0,(anonymous_0)
DA:1,2
DA:2,2
DA:4,2
DA:21,2
DA:22,0
DA:27,0
DA:30,2
LF:7
LH:5
BRF:0
BRH:0
end_of_record
TN:
SF:models/additional/blog.js
FN:76,(anonymous_0)
FN:91,(anonymous_1)
FNF:2
FNH:0
FNDA:0,(anonymous_0)
FNDA:0,(anonymous_1)
DA:1,2
DA:2,2
DA:4,2
DA:76,2
DA:77,0
DA:89,0
DA:91,2
DA:92,0
DA:98,0
DA:101,2
LF:10
LH:6
BRF:0
BRH:0
end_of_record
TN:
SF:models/additional/faq.js
FN:37,(anonymous_0)
FNF:1
FNH:0
FNDA:0,(anonymous_0)
DA:1,2
DA:2,2
DA:4,2
DA:37,2
DA:38,0
DA:43,0
DA:46,2
LF:7
LH:5
BRF:0
BRH:0
end_of_record
TN:
SF:models/additional/termsAndCondition.js
FN:18,(anonymous_0)
FNF:1
FNH:0
FNDA:0,(anonymous_0)
DA:1,2
DA:2,2
DA:4,2
DA:18,2
DA:19,0
DA:22,0
DA:25,2
LF:7
LH:5
BRF:0
BRH:0
end_of_record
TN:
SF:models/food/combo.js
FN:40,(anonymous_0)
FNF:1
FNH:0
FNDA:0,(anonymous_0)
DA:1,2
DA:2,2
DA:4,2
DA:40,2
DA:41,0
DA:48,0
DA:51,2
LF:7
LH:5
BRF:0
BRH:0
end_of_record
TN:
SF:models/food/index.js
FN:45,(anonymous_0)
FNF:1
FNH:0
FNDA:0,(anonymous_0)
DA:1,2
DA:2,2
DA:4,2
DA:45,2
DA:46,0
DA:56,0
DA:59,2
LF:7
LH:5
BRF:0
BRH:0
end_of_record
TN:
SF:models/purchase/cart.js
FN:29,(anonymous_0)
FN:42,(anonymous_1)
FNF:2
FNH:0
FNDA:0,(anonymous_0)
FNDA:0,(anonymous_1)
DA:1,2
DA:2,2
DA:4,2
DA:29,2
DA:30,0
DA:39,0
DA:42,2
DA:43,0
DA:50,0
DA:53,2
LF:10
LH:6
BRF:0
BRH:0
end_of_record
TN:
SF:models/purchase/dine.js
FN:33,(anonymous_0)
FNF:1
FNH:0
FNDA:0,(anonymous_0)
DA:1,2
DA:2,2
DA:4,2
DA:33,2
DA:34,0
DA:39,0
DA:42,2
LF:7
LH:5
BRF:0
BRH:0
end_of_record
TN:
SF:models/purchase/invoice.js
FN:41,(anonymous_0)
FNF:1
FNH:0
FNDA:0,(anonymous_0)
DA:1,2
DA:2,2
DA:4,2
DA:41,2
DA:42,0
DA:55,0
DA:58,2
LF:7
LH:5
BRF:0
BRH:0
end_of_record
TN:
SF:models/user/adminAndManager.js
FN:60,(anonymous_0)
FN:78,(anonymous_1)
FNF:2
FNH:2
FNDA:1,(anonymous_0)
FNDA:1,(anonymous_1)
DA:1,2
DA:2,2
DA:4,2
DA:60,2
DA:61,1
DA:75,1
DA:78,2
DA:79,1
DA:83,1
DA:86,2
LF:10
LH:10
BRF:0
BRH:0
end_of_record
TN:
SF:models/user/consumer.js
FN:53,(anonymous_0)
FN:66,(anonymous_1)
FN:74,(anonymous_2)
FNF:3
FNH:1
FNDA:0,(anonymous_0)
FNDA:0,(anonymous_1)
FNDA:1,(anonymous_2)
DA:1,2
DA:2,2
DA:4,2
DA:53,2
DA:54,0
DA:63,0
DA:66,2
DA:67,0
DA:71,0
DA:74,2
DA:75,1
DA:80,1
DA:83,2
LF:13
LH:9
BRF:0
BRH:0
end_of_record
TN:
SF:routes/boilerplate.js
FN:8,(anonymous_0)
FN:18,(anonymous_1)
FN:25,(anonymous_2)
FNF:3
FNH:1
FNDA:0,(anonymous_0)
FNDA:1,(anonymous_1)
FNDA:0,(anonymous_2)
DA:1,2
DA:2,2
DA:3,2
DA:5,2
DA:8,2
DA:9,0
DA:10,0
DA:12,0
DA:14,0
DA:18,2
DA:19,1
DA:21,1
DA:25,2
DA:27,2
LF:14
LH:10
BRDA:10,0,0,0
BRDA:10,0,1,0
BRF:2
BRH:0
end_of_record
TN:
SF:routes/additional/blog.js
FN:15,(anonymous_0)
FN:25,(anonymous_1)
FN:44,(anonymous_2)
FN:65,(anonymous_3)
FN:102,(anonymous_4)
FN:113,(anonymous_5)
FN:127,(anonymous_6)
FN:132,(anonymous_7)
FN:145,(anonymous_8)
FN:159,(anonymous_9)
FNF:10
FNH:0
FNDA:0,(anonymous_0)
FNDA:0,(anonymous_1)
FNDA:0,(anonymous_2)
FNDA:0,(anonymous_3)
FNDA:0,(anonymous_4)
FNDA:0,(anonymous_5)
FNDA:0,(anonymous_6)
FNDA:0,(anonymous_7)
FNDA:0,(anonymous_8)
FNDA:0,(anonymous_9)
DA:1,2
DA:2,2
DA:3,2
DA:4,2
DA:5,2
DA:10,2
DA:12,2
DA:15,2
DA:16,0
DA:17,0
DA:19,0
DA:21,0
DA:25,2
DA:26,0
DA:33,0
DA:35,0
DA:44,2
DA:45,0
DA:47,0
DA:49,0
DA:53,0
DA:54,0
DA:56,0
DA:65,2
DA:66,0
DA:68,0
DA:69,0
DA:71,0
DA:76,0
DA:77,0
DA:79,0
DA:102,2
DA:103,0
DA:107,0
DA:109,0
DA:113,2
DA:114,0
DA:115,0
DA:117,0
DA:118,0
DA:120,0
DA:121,0
DA:123,0
DA:127,2
DA:128,0
DA:129,0
DA:131,0
DA:132,0
DA:134,0
DA:135,0
DA:137,0
DA:138,0
DA:139,0
DA:141,0
DA:145,2
DA:146,0
DA:147,0
DA:149,0
DA:153,0
DA:155,0
DA:159,2
DA:160,0
DA:161,0
DA:163,0
DA:165,0
DA:168,2
LF:66
LH:17
BRDA:17,0,0,0
BRDA:17,0,1,0
BRDA:33,1,0,0
BRDA:33,1,1,0
BRDA:53,2,0,0
BRDA:53,2,1,0
BRDA:76,3,0,0
BRDA:76,3,1,0
BRDA:107,4,0,0
BRDA:107,4,1,0
BRDA:115,5,0,0
BRDA:115,5,1,0
BRDA:118,6,0,0
BRDA:118,6,1,0
BRDA:129,7,0,0
BRDA:129,7,1,0
BRDA:134,8,0,0
BRDA:134,8,1,0
BRDA:147,9,0,0
BRDA:147,9,1,0
BRDA:161,10,0,0
BRDA:161,10,1,0
BRF:22
BRH:0
end_of_record
TN:
SF:routes/additional/faq.js
FN:11,(anonymous_0)
FN:21,(anonymous_1)
FN:28,(anonymous_2)
FN:35,(anonymous_3)
FN:41,(anonymous_4)
FN:55,(anonymous_5)
FNF:6
FNH:0
FNDA:0,(anonymous_0)
FNDA:0,(anonymous_1)
FNDA:0,(anonymous_2)
FNDA:0,(anonymous_3)
FNDA:0,(anonymous_4)
FNDA:0,(anonymous_5)
DA:1,2
DA:2,2
DA:3,2
DA:4,2
DA:5,2
DA:6,2
DA:8,2
DA:11,2
DA:12,0
DA:13,0
DA:15,0
DA:17,0
DA:21,2
DA:22,0
DA:24,0
DA:28,2
DA:29,0
DA:31,0
DA:35,2
DA:36,0
DA:37,0
DA:41,2
DA:42,0
DA:43,0
DA:45,0
DA:49,0
DA:51,0
DA:55,2
DA:56,0
DA:57,0
DA:59,0
DA:61,0
DA:64,2
LF:33
LH:14
BRDA:13,0,0,0
BRDA:13,0,1,0
BRDA:43,1,0,0
BRDA:43,1,1,0
BRDA:57,2,0,0
BRDA:57,2,1,0
BRF:6
BRH:0
end_of_record
TN:
SF:routes/additional/termsAndCondition.js
FN:13,(anonymous_0)
FN:23,(anonymous_1)
FN:30,(anonymous_2)
FNF:3
FNH:0
FNDA:0,(anonymous_0)
FNDA:0,(anonymous_1)
FNDA:0,(anonymous_2)
DA:1,2
DA:2,2
DA:3,2
DA:4,2
DA:8,2
DA:10,2
DA:13,2
DA:14,0
DA:15,0
DA:17,0
DA:19,0
DA:23,2
DA:24,0
DA:26,0
DA:30,2
DA:31,0
DA:32,0
DA:33,0
DA:35,0
DA:39,0
DA:41,0
DA:46,2
LF:22
LH:10
BRDA:15,0,0,0
BRDA:15,0,1,0
BRDA:32,1,0,0
BRDA:32,1,1,0
BRF:4
BRH:0
end_of_record
TN:
SF:routes/food/combo.js
FN:12,(anonymous_0)
FN:22,(anonymous_1)
FN:37,(anonymous_2)
FN:59,(anonymous_3)
FN:73,(anonymous_4)
FNF:5
FNH:0
FNDA:0,(anonymous_0)
FNDA:0,(anonymous_1)
FNDA:0,(anonymous_2)
FNDA:0,(anonymous_3)
FNDA:0,(anonymous_4)
DA:1,2
DA:2,2
DA:3,2
DA:4,2
DA:5,2
DA:6,2
DA:7,2
DA:9,2
DA:12,2
DA:13,0
DA:14,0
DA:16,0
DA:18,0
DA:22,2
DA:23,0
DA:25,0
DA:29,0
DA:31,0
DA:37,2
DA:38,0
DA:39,0
DA:41,0
DA:42,0
DA:44,0
DA:50,0
DA:51,0
DA:53,0
DA:59,2
DA:60,0
DA:61,0
DA:63,0
DA:67,0
DA:69,0
DA:73,2
DA:74,0
DA:75,0
DA:77,0
DA:78,0
DA:80,0
DA:82,0
DA:85,2
LF:41
LH:14
BRDA:14,0,0,0
BRDA:14,0,1,0
BRDA:23,1,0,0
BRDA:23,1,1,0
BRDA:29,2,0,0
BRDA:29,2,1,0
BRDA:39,3,0,0
BRDA:39,3,1,0
BRDA:42,4,0,0
BRDA:42,4,1,0
BRDA:50,5,0,0
BRDA:50,5,1,0
BRDA:61,6,0,0
BRDA:61,6,1,0
BRDA:75,7,0,0
BRDA:75,7,1,0
BRDA:78,8,0,0
BRDA:78,8,1,0
BRF:18
BRH:0
end_of_record
TN:
SF:routes/food/index.js
FN:11,(anonymous_0)
FN:21,(anonymous_1)
FN:32,(anonymous_2)
FN:48,(anonymous_3)
FN:62,(anonymous_4)
FN:76,(anonymous_5)
FNF:6
FNH:0
FNDA:0,(anonymous_0)
FNDA:0,(anonymous_1)
FNDA:0,(anonymous_2)
FNDA:0,(anonymous_3)
FNDA:0,(anonymous_4)
FNDA:0,(anonymous_5)
DA:1,2
DA:2,2
DA:3,2
DA:4,2
DA:5,2
DA:6,2
DA:8,2
DA:11,2
DA:12,0
DA:13,0
DA:15,0
DA:17,0
DA:21,2
DA:22,0
DA:23,0
DA:25,0
DA:26,0
DA:28,0
DA:32,2
DA:33,0
DA:35,0
DA:42,0
DA:44,0
DA:48,2
DA:49,0
DA:55,0
DA:56,0
DA:58,0
DA:62,2
DA:63,0
DA:64,0
DA:66,0
DA:70,0
DA:72,0
DA:76,2
DA:77,0
DA:78,0
DA:80,0
DA:81,0
DA:83,0
DA:85,0
DA:88,2
LF:42
LH:14
BRDA:13,0,0,0
BRDA:13,0,1,0
BRDA:23,1,0,0
BRDA:23,1,1,0
BRDA:26,2,0,0
BRDA:26,2,1,0
BRDA:42,3,0,0
BRDA:42,3,1,0
BRDA:55,4,0,0
BRDA:55,4,1,0
BRDA:64,5,0,0
BRDA:64,5,1,0
BRDA:78,6,0,0
BRDA:78,6,1,0
BRDA:81,7,0,0
BRDA:81,7,1,0
BRF:16
BRH:0
end_of_record
TN:
SF:routes/purchase/cart.js
FN:18,(anonymous_0)
FN:32,(anonymous_1)
FN:58,(anonymous_2)
FN:65,(anonymous_3)
FN:79,(anonymous_4)
FN:93,(anonymous_5)
FN:95,(anonymous_6)
FN:96,(anonymous_7)
FN:98,(anonymous_8)
FN:100,(anonymous_9)
FN:111,(anonymous_10)
FN:118,(anonymous_11)
FN:133,(anonymous_12)
FN:146,(anonymous_13)
FN:155,(anonymous_14)
FN:157,(anonymous_15)
FNF:16
FNH:0
FNDA:0,(anonymous_0)
FNDA:0,(anonymous_1)
FNDA:0,(anonymous_2)
FNDA:0,(anonymous_3)
FNDA:0,(anonymous_4)
FNDA:0,(anonymous_5)
FNDA:0,(anonymous_6)
FNDA:0,(anonymous_7)
FNDA:0,(anonymous_8)
FNDA:0,(anonymous_9)
FNDA:0,(anonymous_10)
FNDA:0,(anonymous_11)
FNDA:0,(anonymous_12)
FNDA:0,(anonymous_13)
FNDA:0,(anonymous_14)
FNDA:0,(anonymous_15)
DA:1,2
DA:2,2
DA:3,2
DA:4,2
DA:5,2
DA:6,2
DA:7,2
DA:8,2
DA:13,2
DA:15,2
DA:18,2
DA:19,0
DA:20,0
DA:22,0
DA:23,0
DA:24,0
DA:26,0
DA:28,0
DA:32,2
DA:33,0
DA:34,0
DA:36,0
DA:41,0
DA:42,0
DA:49,0
DA:51,0
DA:54,0
DA:58,2
DA:59,0
DA:60,0
DA:62,0
DA:63,0
DA:65,0
DA:66,0
DA:67,0
DA:68,0
DA:70,0
DA:71,0
DA:72,0
DA:74,0
DA:75,0
DA:79,0
DA:93,0
DA:95,0
DA:96,0
DA:98,0
DA:99,0
DA:100,0
DA:103,0
DA:105,0
DA:111,0
DA:118,2
DA:119,0
DA:120,0
DA:122,0
DA:127,0
DA:129,0
DA:133,2
DA:134,0
DA:135,0
DA:137,0
DA:138,0
DA:140,0
DA:142,0
DA:146,2
DA:147,0
DA:149,0
DA:150,0
DA:152,0
DA:154,0
DA:155,0
DA:157,0
DA:159,0
DA:162,0
DA:163,0
DA:165,0
DA:183,2
LF:77
LH:17
BRDA:20,0,0,0
BRDA:20,0,1,0
BRDA:23,1,0,0
BRDA:23,1,1,0
BRDA:34,2,0,0
BRDA:34,2,1,0
BRDA:41,3,0,0
BRDA:41,3,1,0
BRDA:60,4,0,0
BRDA:60,4,1,0
BRDA:63,5,0,0
BRDA:63,5,1,0
BRDA:67,6,0,0
BRDA:67,6,1,0
BRDA:70,7,0,0
BRDA:70,7,1,0
BRDA:95,8,0,0
BRDA:95,8,1,0
BRDA:120,9,0,0
BRDA:120,9,1,0
BRDA:135,10,0,0
BRDA:135,10,1,0
BRDA:138,11,0,0
BRDA:138,11,1,0
BRDA:162,12,0,0
BRDA:162,12,1,0
BRF:26
BRH:0
end_of_record
TN:
SF:routes/purchase/dine.js
FN:12,(anonymous_0)
FN:22,(anonymous_1)
FN:42,(anonymous_2)
FN:56,(anonymous_3)
FN:67,(anonymous_4)
FNF:5
FNH:0
FNDA:0,(anonymous_0)
FNDA:0,(anonymous_1)
FNDA:0,(anonymous_2)
FNDA:0,(anonymous_3)
FNDA:0,(anonymous_4)
DA:1,2
DA:2,2
DA:3,2
DA:4,2
DA:5,2
DA:6,2
DA:7,2
DA:9,2
DA:12,2
DA:13,0
DA:14,0
DA:16,0
DA:18,0
DA:22,2
DA:23,0
DA:25,0
DA:26,0
DA:28,0
DA:33,0
DA:34,0
DA:36,0
DA:42,2
DA:43,0
DA:44,0
DA:46,0
DA:50,0
DA:52,0
DA:56,2
DA:57,0
DA:58,0
DA:60,0
DA:61,0
DA:63,0
DA:67,2
DA:68,0
DA:69,0
DA:71,0
DA:72,0
DA:74,0
DA:76,0
DA:79,2
LF:41
LH:14
BRDA:14,0,0,0
BRDA:14,0,1,0
BRDA:33,1,0,0
BRDA:33,1,1,0
BRDA:44,2,0,0
BRDA:44,2,1,0
BRDA:58,3,0,0
BRDA:58,3,1,0
BRDA:69,4,0,0
BRDA:69,4,1,0
BRDA:72,5,0,0
BRDA:72,5,1,0
BRF:12
BRH:0
end_of_record
TN:
SF:routes/purchase/invoice.js
FN:12,(anonymous_0)
FN:25,(anonymous_1)
FN:45,(anonymous_2)
FN:65,(anonymous_3)
FN:79,(anonymous_4)
FNF:5
FNH:0
FNDA:0,(anonymous_0)
FNDA:0,(anonymous_1)
FNDA:0,(anonymous_2)
FNDA:0,(anonymous_3)
FNDA:0,(anonymous_4)
DA:1,2
DA:2,2
DA:3,2
DA:4,2
DA:5,2
DA:6,2
DA:7,2
DA:9,2
DA:12,2
DA:13,0
DA:14,0
DA:16,0
DA:17,0
DA:19,0
DA:21,0
DA:25,2
DA:26,0
DA:28,0
DA:29,0
DA:31,0
DA:36,0
DA:37,0
DA:39,0
DA:45,2
DA:48,0
DA:49,0
DA:53,0
DA:58,0
DA:59,0
DA:61,0
DA:65,2
DA:66,0
DA:67,0
DA:69,0
DA:73,0
DA:75,0
DA:79,2
DA:80,0
DA:81,0
DA:83,0
DA:84,0
DA:86,0
DA:88,0
DA:91,2
LF:44
LH:14
BRDA:14,0,0,0
BRDA:14,0,1,0
BRDA:16,1,0,0
BRDA:16,1,1,0
BRDA:36,2,0,0
BRDA:36,2,1,0
BRDA:48,3,0,0
BRDA:48,3,1,0
BRDA:58,4,0,0
BRDA:58,4,1,0
BRDA:67,5,0,0
BRDA:67,5,1,0
BRDA:81,6,0,0
BRDA:81,6,1,0
BRDA:84,7,0,0
BRDA:84,7,1,0
BRF:16
BRH:0
end_of_record
TN:
SF:routes/user/adminAndManager.js
FN:22,(anonymous_0)
FN:52,(anonymous_1)
FN:78,(anonymous_2)
FN:109,(anonymous_3)
FN:121,(anonymous_4)
FN:153,(anonymous_5)
FN:163,(anonymous_6)
FN:197,(anonymous_7)
FNF:8
FNH:5
FNDA:1,(anonymous_0)
FNDA:1,(anonymous_1)
FNDA:1,(anonymous_2)
FNDA:1,(anonymous_3)
FNDA:0,(anonymous_4)
FNDA:0,(anonymous_5)
FNDA:1,(anonymous_6)
FNDA:0,(anonymous_7)
DA:1,2
DA:2,2
DA:3,2
DA:8,2
DA:9,2
DA:11,2
DA:12,2
DA:13,2
DA:15,2
DA:16,2
DA:17,2
DA:19,2
DA:22,2
DA:23,1
DA:24,1
DA:26,1
DA:28,1
DA:29,1
DA:30,0
DA:32,1
DA:45,1
DA:46,1
DA:48,1
DA:52,2
DA:53,1
DA:54,1
DA:56,1
DA:58,1
DA:59,1
DA:60,0
DA:64,1
DA:65,1
DA:66,0
DA:70,1
DA:74,1
DA:78,2
DA:79,1
DA:80,1
DA:82,1
DA:84,1
DA:85,1
DA:87,1
DA:88,0
DA:90,0
DA:91,0
DA:93,0
DA:95,1
DA:96,1
DA:97,0
DA:99,1
DA:101,1
DA:102,1
DA:104,1
DA:109,2
DA:110,1
DA:111,1
DA:113,1
DA:115,1
DA:117,1
DA:121,2
DA:122,0
DA:123,0
DA:125,0
DA:126,0
DA:130,0
DA:132,0
DA:134,0
DA:135,0
DA:146,0
DA:148,0
DA:153,2
DA:154,0
DA:155,0
DA:157,0
DA:159,0
DA:163,2
DA:164,1
DA:166,1
DA:167,1
DA:169,1
DA:174,1
DA:175,0
DA:177,1
DA:197,2
DA:198,0
DA:200,0
DA:208,0
DA:209,0
DA:211,0
DA:214,2
LF:90
LH:62
BRDA:24,0,0,0
BRDA:24,0,1,1
BRDA:29,1,0,0
BRDA:29,1,1,1
BRDA:54,2,0,0
BRDA:54,2,1,1
BRDA:59,3,0,0
BRDA:59,3,1,1
BRDA:65,4,0,0
BRDA:65,4,1,1
BRDA:80,5,0,0
BRDA:80,5,1,1
BRDA:85,6,0,0
BRDA:85,6,1,1
BRDA:87,7,0,0
BRDA:87,7,1,1
BRDA:96,8,0,0
BRDA:96,8,1,1
BRDA:111,9,0,0
BRDA:111,9,1,1
BRDA:115,10,0,0
BRDA:115,10,1,1
BRDA:123,11,0,0
BRDA:123,11,1,0
BRDA:125,12,0,0
BRDA:125,12,1,0
BRDA:155,13,0,0
BRDA:155,13,1,0
BRDA:174,14,0,0
BRDA:174,14,1,1
BRDA:203,15,0,0
BRDA:203,15,1,0
BRDA:208,16,0,0
BRDA:208,16,1,0
BRF:34
BRH:12
end_of_record
TN:
SF:routes/user/consumer.js
FN:22,(anonymous_0)
FN:49,(anonymous_1)
FN:73,(anonymous_2)
FN:104,(anonymous_3)
FN:116,(anonymous_4)
FN:150,(anonymous_5)
FN:160,(anonymous_6)
FN:193,(anonymous_7)
FNF:8
FNH:0
FNDA:0,(anonymous_0)
FNDA:0,(anonymous_1)
FNDA:0,(anonymous_2)
FNDA:0,(anonymous_3)
FNDA:0,(anonymous_4)
FNDA:0,(anonymous_5)
FNDA:0,(anonymous_6)
FNDA:0,(anonymous_7)
DA:1,2
DA:2,2
DA:3,2
DA:9,2
DA:11,2
DA:12,2
DA:13,2
DA:15,2
DA:16,2
DA:17,2
DA:19,2
DA:22,2
DA:23,0
DA:24,0
DA:26,0
DA:28,0
DA:29,0
DA:30,0
DA:32,0
DA:42,0
DA:43,0
DA:45,0
DA:49,2
DA:50,0
DA:51,0
DA:53,0
DA:55,0
DA:56,0
DA:57,0
DA:61,0
DA:62,0
DA:63,0
DA:67,0
DA:69,0
DA:73,2
DA:74,0
DA:75,0
DA:77,0
DA:79,0
DA:80,0
DA:82,0
DA:83,0
DA:85,0
DA:86,0
DA:88,0
DA:90,0
DA:91,0
DA:92,0
DA:94,0
DA:96,0
DA:97,0
DA:99,0
DA:104,2
DA:105,0
DA:106,0
DA:108,0
DA:110,0
DA:112,0
DA:116,2
DA:117,0
DA:118,0
DA:120,0
DA:121,0
DA:125,0
DA:127,0
DA:129,0
DA:131,0
DA:141,0
DA:143,0
DA:150,2
DA:151,0
DA:152,0
DA:154,0
DA:156,0
DA:160,2
DA:161,0
DA:163,0
DA:164,0
DA:166,0
DA:171,0
DA:172,0
DA:174,0
DA:193,2
DA:194,0
DA:196,0
DA:203,0
DA:204,0
DA:206,0
DA:209,2
LF:89
LH:20
BRDA:24,0,0,0
BRDA:24,0,1,0
BRDA:29,1,0,0
BRDA:29,1,1,0
BRDA:51,2,0,0
BRDA:51,2,1,0
BRDA:56,3,0,0
BRDA:56,3,1,0
BRDA:62,4,0,0
BRDA:62,4,1,0
BRDA:75,5,0,0
BRDA:75,5,1,0
BRDA:80,6,0,0
BRDA:80,6,1,0
BRDA:82,7,0,0
BRDA:82,7,1,0
BRDA:91,8,0,0
BRDA:91,8,1,0
BRDA:106,9,0,0
BRDA:106,9,1,0
BRDA:110,10,0,0
BRDA:110,10,1,0
BRDA:118,11,0,0
BRDA:118,11,1,0
BRDA:120,12,0,0
BRDA:120,12,1,0
BRDA:152,13,0,0
BRDA:152,13,1,0
BRDA:171,14,0,0
BRDA:171,14,1,0
BRDA:198,15,0,0
BRDA:198,15,1,0
BRDA:203,16,0,0
BRDA:203,16,1,0
BRF:34
BRH:0
end_of_record
TN:
SF:startup/config.js
FN:3,(anonymous_0)
FNF:1
FNH:1
FNDA:2,(anonymous_0)
DA:1,2
DA:3,2
DA:4,2
DA:10,0
LF:4
LH:3
BRDA:4,0,0,0
BRDA:4,0,1,2
BRDA:5,1,0,2
BRDA:5,1,1,2
BRDA:5,1,2,2
BRDA:5,1,3,2
BRF:6
BRH:5
end_of_record
TN:
SF:startup/logger.js
FN:1,(anonymous_0)
FN:2,(anonymous_1)
FNF:2
FNH:1
FNDA:2,(anonymous_0)
FNDA:0,(anonymous_1)
DA:1,2
DA:2,2
DA:3,0
LF:3
LH:2
BRF:0
BRH:0
end_of_record
TN:
SF:startup/routes.js
FN:19,(anonymous_0)
FNF:1
FNH:1
FNDA:2,(anonymous_0)
DA:1,2
DA:2,2
DA:3,2
DA:5,2
DA:6,2
DA:7,2
DA:8,2
DA:9,2
DA:10,2
DA:11,2
DA:12,2
DA:13,2
DA:14,2
DA:15,2
DA:17,2
DA:19,2
DA:20,2
DA:21,2
DA:22,2
DA:23,2
DA:24,2
DA:25,2
DA:26,2
DA:27,2
DA:28,2
DA:29,2
DA:30,2
DA:31,2
DA:32,2
DA:33,2
DA:36,2
LF:31
LH:31
BRF:0
BRH:0
end_of_record
TN:
SF:startup/validation.js
FN:3,(anonymous_0)
FNF:1
FNH:1
FNDA:2,(anonymous_0)
DA:1,2
DA:3,2
DA:4,2
LF:3
LH:3
BRF:0
BRH:0
end_of_record
